[2026/2/25 18:01:29] === 実行プロセス開始 ===
[2026/2/25 18:01:29] 12 個のスクリプトを順番に実行します。
[2026/2/25 18:01:29] 開始: news_2ch.js
[2026/2/25 18:01:34] 完了: news_2ch.js (4.94秒)
[2026/2/25 18:01:34]   出力: saved: news_2ch.csv
[2026/2/25 18:01:34] 5秒待機中...
[2026/2/25 18:01:39] 開始: news_ai.js
[2026/2/25 18:01:44] 完了: news_ai.js (4.74秒)
[2026/2/25 18:01:44]   出力: saved: news_ai.csv
[2026/2/25 18:01:44] 5秒待機中...
[2026/2/25 18:01:49] 開始: news_b.js
[2026/2/25 18:01:53] 完了: news_b.js (4.43秒)
[2026/2/25 18:01:53]   出力: saved: news_b.csv
[2026/2/25 18:01:53] 5秒待機中...
[2026/2/25 18:01:58] 開始: news_bbc.js
[2026/2/25 18:02:02] 完了: news_bbc.js (4.50秒)
[2026/2/25 18:02:02]   出力: saved: news_bbc.csv
[2026/2/25 18:02:02] 5秒待機中...
[2026/2/25 18:02:07] 開始: news_google.js
[2026/2/25 18:02:11] 完了: news_google.js (3.08秒)
[2026/2/25 18:02:11]   出力: saved: news_google.csv
[2026/2/25 18:02:11] 5秒待機中...
[2026/2/25 18:02:16] 開始: news_nytimes.js
[2026/2/25 18:02:20] 完了: news_nytimes.js (4.76秒)
[2026/2/25 18:02:20]   出力: saved: news_nytimes.csv
[2026/2/25 18:02:20] 5秒待機中...
[2026/2/25 18:02:25] 開始: news_r.js
[2026/2/25 18:02:29] 完了: news_r.js (4.15秒)
[2026/2/25 18:02:29]   出力: saved: news_r.csv
[2026/2/25 18:02:29] 5秒待機中...
[2026/2/25 18:02:34] 開始: news_r_buisiness.js
[2026/2/25 18:02:39] 完了: news_r_buisiness.js (4.25秒)
[2026/2/25 18:02:39]   出力: saved: news_r_buisiness.csv
[2026/2/25 18:02:39] 5秒待機中...
[2026/2/25 18:02:44] 開始: news_r_keizai.js
[2026/2/25 18:02:48] 完了: news_r_keizai.js (4.19秒)
[2026/2/25 18:02:48]   出力: saved: news_r_keizai.csv
[2026/2/25 18:02:48] 5秒待機中...
[2026/2/25 18:02:53] 開始: news_r_markets.js
[2026/2/25 18:02:57] 完了: news_r_markets.js (4.11秒)
[2026/2/25 18:02:57]   出力: saved: news_r_markets.csv
[2026/2/25 18:02:57] 5秒待機中...
[2026/2/25 18:03:02] 開始: news_wsj.js
[2026/2/25 18:03:07] 失敗: news_wsj.js (コード:1, 4.72秒)
[2026/2/25 18:03:07]   エラー: ERROR in news_wsj: ページ本文の取得結果が空です
[2026/2/25 18:03:07] 5秒待機中...
[2026/2/25 18:03:12] 開始: news_y.js
[2026/2/25 18:03:17] 完了: news_y.js (5.38秒)
[2026/2/25 18:03:17]   出力: saved: news_y.csv
[2026/2/25 18:03:17] === すべてのスクリプトの実行を終了しました ===
