[2026/2/25 5:06:57] === 実行プロセス開始 ===
[2026/2/25 5:06:57] 12 個のスクリプトを順番に実行します。
[2026/2/25 5:06:57] 開始: news_2ch.js
[2026/2/25 5:07:04] 完了: news_2ch.js (6.61秒)
[2026/2/25 5:07:04]   出力: saved: news_2ch.csv
[2026/2/25 5:07:04] 5秒待機中...
[2026/2/25 5:07:09] 開始: news_ai.js
[2026/2/25 5:07:13] 完了: news_ai.js (4.60秒)
[2026/2/25 5:07:13]   出力: saved: news_ai.csv
[2026/2/25 5:07:13] 5秒待機中...
[2026/2/25 5:07:18] 開始: news_b.js
[2026/2/25 5:07:23] 完了: news_b.js (4.43秒)
[2026/2/25 5:07:23]   出力: saved: news_b.csv
[2026/2/25 5:07:23] 5秒待機中...
[2026/2/25 5:07:28] 開始: news_bbc.js
[2026/2/25 5:07:32] 完了: news_bbc.js (4.76秒)
[2026/2/25 5:07:32]   出力: saved: news_bbc.csv
[2026/2/25 5:07:32] 5秒待機中...
[2026/2/25 5:07:37] 開始: news_google.js
[2026/2/25 5:07:39] 完了: news_google.js (1.75秒)
[2026/2/25 5:07:39]   出力: saved: news_google.csv
[2026/2/25 5:07:39] 5秒待機中...
[2026/2/25 5:07:44] 開始: news_nytimes.js
[2026/2/25 5:07:49] 完了: news_nytimes.js (4.63秒)
[2026/2/25 5:07:49]   出力: saved: news_nytimes.csv
[2026/2/25 5:07:49] 5秒待機中...
[2026/2/25 5:07:54] 開始: news_r.js
[2026/2/25 5:07:59] 完了: news_r.js (5.30秒)
[2026/2/25 5:07:59]   出力: saved: news_r.csv
[2026/2/25 5:07:59] 5秒待機中...
[2026/2/25 5:08:04] 開始: news_r_buisiness.js
[2026/2/25 5:08:09] 完了: news_r_buisiness.js (4.65秒)
[2026/2/25 5:08:09]   出力: saved: news_r_buisiness.csv
[2026/2/25 5:08:09] 5秒待機中...
[2026/2/25 5:08:14] 開始: news_r_keizai.js
[2026/2/25 5:08:18] 完了: news_r_keizai.js (4.69秒)
[2026/2/25 5:08:18]   出力: saved: news_r_keizai.csv
[2026/2/25 5:08:18] 5秒待機中...
[2026/2/25 5:08:23] 開始: news_r_markets.js
[2026/2/25 5:08:29] 完了: news_r_markets.js (5.18秒)
[2026/2/25 5:08:29]   出力: saved: news_r_markets.csv
[2026/2/25 5:08:29] 5秒待機中...
[2026/2/25 5:08:34] 開始: news_wsj.js
[2026/2/25 5:08:39] 失敗: news_wsj.js (コード:1, 4.89秒)
[2026/2/25 5:08:39]   エラー: ERROR in news_wsj: ページ本文の取得結果が空です
[2026/2/25 5:08:39] 5秒待機中...
[2026/2/25 5:08:44] 開始: news_y.js
[2026/2/25 5:08:50] 完了: news_y.js (6.00秒)
[2026/2/25 5:08:50]   出力: saved: news_y.csv
[2026/2/25 5:08:50] === すべてのスクリプトの実行を終了しました ===
