[2026/2/25 4:45:01] === 実行プロセス開始 ===
[2026/2/25 4:45:01] 12 個のスクリプトを順番に実行します。
[2026/2/25 4:45:01] 開始: news_2ch.js
[2026/2/25 4:45:07] 完了: news_2ch.js (6.17秒)
[2026/2/25 4:45:07]   出力: saved: news_2ch.csv
[2026/2/25 4:45:07] 5秒待機中...
[2026/2/25 4:45:13] 開始: news_ai.js
[2026/2/25 4:45:17] 完了: news_ai.js (4.57秒)
[2026/2/25 4:45:17]   出力: saved: news_ai.csv
[2026/2/25 4:45:17] 5秒待機中...
[2026/2/25 4:45:22] 開始: news_b.js
[2026/2/25 4:45:26] 完了: news_b.js (4.38秒)
[2026/2/25 4:45:26]   出力: saved: news_b.csv
[2026/2/25 4:45:26] 5秒待機中...
[2026/2/25 4:45:31] 開始: news_bbc.js
[2026/2/25 4:45:36] 完了: news_bbc.js (4.12秒)
[2026/2/25 4:45:36]   出力: saved: news_bbc.csv
[2026/2/25 4:45:36] 5秒待機中...
[2026/2/25 4:45:41] 開始: news_google.js
[2026/2/25 4:45:44] 完了: news_google.js (3.25秒)
[2026/2/25 4:45:44]   出力: saved: news_google.csv
[2026/2/25 4:45:44] 5秒待機中...
[2026/2/25 4:45:49] 開始: news_nytimes.js
[2026/2/25 4:45:54] 完了: news_nytimes.js (4.74秒)
[2026/2/25 4:45:54]   出力: saved: news_nytimes.csv
[2026/2/25 4:45:54] 5秒待機中...
[2026/2/25 4:45:59] 開始: news_r.js
[2026/2/25 4:46:04] 完了: news_r.js (5.43秒)
[2026/2/25 4:46:04]   出力: saved: news_r.csv
[2026/2/25 4:46:04] 5秒待機中...
[2026/2/25 4:46:09] 開始: news_r_buisiness.js
[2026/2/25 4:46:14] 完了: news_r_buisiness.js (4.58秒)
[2026/2/25 4:46:14]   出力: saved: news_r_buisiness.csv
[2026/2/25 4:46:14] 5秒待機中...
[2026/2/25 4:46:19] 開始: news_r_keizai.js
[2026/2/25 4:46:23] 完了: news_r_keizai.js (4.77秒)
[2026/2/25 4:46:23]   出力: saved: news_r_keizai.csv
[2026/2/25 4:46:23] 5秒待機中...
[2026/2/25 4:46:28] 開始: news_r_markets.js
[2026/2/25 4:46:33] 完了: news_r_markets.js (4.83秒)
[2026/2/25 4:46:33]   出力: saved: news_r_markets.csv
[2026/2/25 4:46:33] 5秒待機中...
[2026/2/25 4:46:38] 開始: news_wsj.js
[2026/2/25 4:46:43] 失敗: news_wsj.js (コード:1, 4.90秒)
[2026/2/25 4:46:43]   エラー: ERROR in news_wsj: ページ本文の取得結果が空です
[2026/2/25 4:46:43] 5秒待機中...
[2026/2/25 4:46:48] 開始: news_y.js
[2026/2/25 4:46:54] 完了: news_y.js (5.55秒)
[2026/2/25 4:46:54]   出力: saved: news_y.csv
[2026/2/25 4:46:54] === すべてのスクリプトの実行を終了しました ===
