[2026/2/25 21:20:17] === 実行プロセス開始 ===
[2026/2/25 21:20:17] 12 個のスクリプトを順番に実行します。
[2026/2/25 21:20:17] 開始: news_2ch.js
[2026/2/25 21:20:23] 完了: news_2ch.js (5.44秒)
[2026/2/25 21:20:23]   出力: saved: news_2ch.csv
[2026/2/25 21:20:23] 5秒待機中...
[2026/2/25 21:20:28] 開始: news_ai.js
[2026/2/25 21:20:32] 完了: news_ai.js (4.62秒)
[2026/2/25 21:20:32]   出力: saved: news_ai.csv
[2026/2/25 21:20:32] 5秒待機中...
[2026/2/25 21:20:37] 開始: news_b.js
[2026/2/25 21:20:42] 完了: news_b.js (4.53秒)
[2026/2/25 21:20:42]   出力: saved: news_b.csv
[2026/2/25 21:20:42] 5秒待機中...
[2026/2/25 21:20:47] 開始: news_bbc.js
[2026/2/25 21:20:51] 完了: news_bbc.js (4.46秒)
[2026/2/25 21:20:51]   出力: saved: news_bbc.csv
[2026/2/25 21:20:51] 5秒待機中...
[2026/2/25 21:20:56] 開始: news_google.js
[2026/2/25 21:21:00] 完了: news_google.js (3.29秒)
[2026/2/25 21:21:00]   出力: saved: news_google.csv
[2026/2/25 21:21:00] 5秒待機中...
[2026/2/25 21:21:05] 開始: news_nytimes.js
[2026/2/25 21:21:10] 完了: news_nytimes.js (5.18秒)
[2026/2/25 21:21:10]   出力: saved: news_nytimes.csv
[2026/2/25 21:21:10] 5秒待機中...
[2026/2/25 21:21:15] 開始: news_r.js
[2026/2/25 21:21:20] 完了: news_r.js (5.07秒)
[2026/2/25 21:21:20]   出力: saved: news_r.csv
[2026/2/25 21:21:20] 5秒待機中...
[2026/2/25 21:21:25] 開始: news_r_buisiness.js
[2026/2/25 21:21:29] 完了: news_r_buisiness.js (4.60秒)
[2026/2/25 21:21:29]   出力: saved: news_r_buisiness.csv
[2026/2/25 21:21:29] 5秒待機中...
[2026/2/25 21:21:34] 開始: news_r_keizai.js
[2026/2/25 21:21:39] 完了: news_r_keizai.js (4.83秒)
[2026/2/25 21:21:39]   出力: saved: news_r_keizai.csv
[2026/2/25 21:21:39] 5秒待機中...
[2026/2/25 21:21:44] 開始: news_r_markets.js
[2026/2/25 21:21:50] 完了: news_r_markets.js (5.42秒)
[2026/2/25 21:21:50]   出力: saved: news_r_markets.csv
[2026/2/25 21:21:50] 5秒待機中...
[2026/2/25 21:21:55] 開始: news_wsj.js
[2026/2/25 21:22:00] 失敗: news_wsj.js (コード:1, 4.97秒)
[2026/2/25 21:22:00]   エラー: ERROR in news_wsj: ページ本文の取得結果が空です
[2026/2/25 21:22:00] 5秒待機中...
[2026/2/25 21:22:05] 開始: news_y.js
[2026/2/25 21:22:11] 完了: news_y.js (5.95秒)
[2026/2/25 21:22:11]   出力: saved: news_y.csv
[2026/2/25 21:22:11] === すべてのスクリプトの実行を終了しました ===
