[2026/2/25 22:19:58] === 実行プロセス開始 ===
[2026/2/25 22:19:58] 12 個のスクリプトを順番に実行します。
[2026/2/25 22:19:58] 開始: news_2ch.js
[2026/2/25 22:20:05] 完了: news_2ch.js (6.80秒)
[2026/2/25 22:20:05]   出力: saved: news_2ch.csv
[2026/2/25 22:20:05] 5秒待機中...
[2026/2/25 22:20:10] 開始: news_ai.js
[2026/2/25 22:20:15] 完了: news_ai.js (4.70秒)
[2026/2/25 22:20:15]   出力: saved: news_ai.csv
[2026/2/25 22:20:15] 5秒待機中...
[2026/2/25 22:20:20] 開始: news_b.js
[2026/2/25 22:20:25] 完了: news_b.js (4.55秒)
[2026/2/25 22:20:25]   出力: saved: news_b.csv
[2026/2/25 22:20:25] 5秒待機中...
[2026/2/25 22:20:30] 開始: news_bbc.js
[2026/2/25 22:20:34] 完了: news_bbc.js (4.10秒)
[2026/2/25 22:20:34]   出力: saved: news_bbc.csv
[2026/2/25 22:20:34] 5秒待機中...
[2026/2/25 22:20:39] 開始: news_google.js
[2026/2/25 22:20:50] 完了: news_google.js (11.18秒)
[2026/2/25 22:20:50]   出力: saved: news_google.csv
[2026/2/25 22:20:50] 5秒待機中...
[2026/2/25 22:20:55] 開始: news_nytimes.js
[2026/2/25 22:21:00] 完了: news_nytimes.js (5.05秒)
[2026/2/25 22:21:00]   出力: saved: news_nytimes.csv
[2026/2/25 22:21:00] 5秒待機中...
[2026/2/25 22:21:05] 開始: news_r.js
[2026/2/25 22:21:10] 完了: news_r.js (5.23秒)
[2026/2/25 22:21:10]   出力: saved: news_r.csv
[2026/2/25 22:21:10] 5秒待機中...
[2026/2/25 22:21:15] 開始: news_r_buisiness.js
[2026/2/25 22:21:20] 完了: news_r_buisiness.js (4.57秒)
[2026/2/25 22:21:20]   出力: saved: news_r_buisiness.csv
[2026/2/25 22:21:20] 5秒待機中...
[2026/2/25 22:21:25] 開始: news_r_keizai.js
[2026/2/25 22:21:29] 完了: news_r_keizai.js (4.56秒)
[2026/2/25 22:21:29]   出力: saved: news_r_keizai.csv
[2026/2/25 22:21:29] 5秒待機中...
[2026/2/25 22:21:34] 開始: news_r_markets.js
[2026/2/25 22:21:39] 完了: news_r_markets.js (5.15秒)
[2026/2/25 22:21:39]   出力: saved: news_r_markets.csv
[2026/2/25 22:21:39] 5秒待機中...
[2026/2/25 22:21:44] 開始: news_wsj.js
[2026/2/25 22:21:49] 失敗: news_wsj.js (コード:1, 4.96秒)
[2026/2/25 22:21:49]   エラー: ERROR in news_wsj: ページ本文の取得結果が空です
[2026/2/25 22:21:49] 5秒待機中...
[2026/2/25 22:21:54] 開始: news_y.js
[2026/2/25 22:22:00] 完了: news_y.js (5.81秒)
[2026/2/25 22:22:00]   出力: saved: news_y.csv
[2026/2/25 22:22:00] === すべてのスクリプトの実行を終了しました ===
