[2026/2/25 20:28:01] === 実行プロセス開始 ===
[2026/2/25 20:28:01] 12 個のスクリプトを順番に実行します。
[2026/2/25 20:28:01] 開始: news_2ch.js
[2026/2/25 20:28:08] 完了: news_2ch.js (7.28秒)
[2026/2/25 20:28:08]   出力: saved: news_2ch.csv
[2026/2/25 20:28:08] 5秒待機中...
[2026/2/25 20:28:13] 開始: news_ai.js
[2026/2/25 20:28:18] 完了: news_ai.js (4.77秒)
[2026/2/25 20:28:18]   出力: saved: news_ai.csv
[2026/2/25 20:28:18] 5秒待機中...
[2026/2/25 20:28:23] 開始: news_b.js
[2026/2/25 20:28:28] 完了: news_b.js (4.55秒)
[2026/2/25 20:28:28]   出力: saved: news_b.csv
[2026/2/25 20:28:28] 5秒待機中...
[2026/2/25 20:28:33] 開始: news_bbc.js
[2026/2/25 20:28:37] 完了: news_bbc.js (4.18秒)
[2026/2/25 20:28:37]   出力: saved: news_bbc.csv
[2026/2/25 20:28:37] 5秒待機中...
[2026/2/25 20:28:42] 開始: news_google.js
[2026/2/25 20:28:45] 完了: news_google.js (3.31秒)
[2026/2/25 20:28:45]   出力: saved: news_google.csv
[2026/2/25 20:28:45] 5秒待機中...
[2026/2/25 20:28:50] 開始: news_nytimes.js
[2026/2/25 20:28:55] 完了: news_nytimes.js (5.13秒)
[2026/2/25 20:28:55]   出力: saved: news_nytimes.csv
[2026/2/25 20:28:55] 5秒待機中...
[2026/2/25 20:29:00] 開始: news_r.js
[2026/2/25 20:29:04] 完了: news_r.js (4.14秒)
[2026/2/25 20:29:04]   出力: saved: news_r.csv
[2026/2/25 20:29:04] 5秒待機中...
[2026/2/25 20:29:09] 開始: news_r_buisiness.js
[2026/2/25 20:29:13] 完了: news_r_buisiness.js (4.01秒)
[2026/2/25 20:29:13]   出力: saved: news_r_buisiness.csv
[2026/2/25 20:29:13] 5秒待機中...
[2026/2/25 20:29:18] 開始: news_r_keizai.js
[2026/2/25 20:29:23] 完了: news_r_keizai.js (4.24秒)
[2026/2/25 20:29:23]   出力: saved: news_r_keizai.csv
[2026/2/25 20:29:23] 5秒待機中...
[2026/2/25 20:29:28] 開始: news_r_markets.js
[2026/2/25 20:29:32] 完了: news_r_markets.js (4.06秒)
[2026/2/25 20:29:32]   出力: saved: news_r_markets.csv
[2026/2/25 20:29:32] 5秒待機中...
[2026/2/25 20:29:37] 開始: news_wsj.js
[2026/2/25 20:29:41] 失敗: news_wsj.js (コード:1, 4.71秒)
[2026/2/25 20:29:41]   エラー: ERROR in news_wsj: ページ本文の取得結果が空です
[2026/2/25 20:29:41] 5秒待機中...
[2026/2/25 20:29:46] 開始: news_y.js
[2026/2/25 20:29:52] 完了: news_y.js (5.38秒)
[2026/2/25 20:29:52]   出力: saved: news_y.csv
[2026/2/25 20:29:52] === すべてのスクリプトの実行を終了しました ===
