[2026/2/25 18:44:48] === 実行プロセス開始 ===
[2026/2/25 18:44:50] 12 個のスクリプトを順番に実行します。
[2026/2/25 18:44:50] 開始: news_2ch.js
[2026/2/25 18:44:57] 完了: news_2ch.js (7.16秒)
[2026/2/25 18:44:57]   出力: saved: news_2ch.csv
[2026/2/25 18:44:57] 5秒待機中...
[2026/2/25 18:45:02] 開始: news_ai.js
[2026/2/25 18:45:06] 完了: news_ai.js (4.66秒)
[2026/2/25 18:45:06]   出力: saved: news_ai.csv
[2026/2/25 18:45:06] 5秒待機中...
[2026/2/25 18:45:11] 開始: news_b.js
[2026/2/25 18:45:16] 完了: news_b.js (4.28秒)
[2026/2/25 18:45:16]   出力: saved: news_b.csv
[2026/2/25 18:45:16] 5秒待機中...
[2026/2/25 18:45:21] 開始: news_bbc.js
[2026/2/25 18:45:25] 完了: news_bbc.js (3.96秒)
[2026/2/25 18:45:25]   出力: saved: news_bbc.csv
[2026/2/25 18:45:25] 5秒待機中...
[2026/2/25 18:45:30] 開始: news_google.js
[2026/2/25 18:45:33] 完了: news_google.js (3.40秒)
[2026/2/25 18:45:33]   出力: saved: news_google.csv
[2026/2/25 18:45:33] 5秒待機中...
[2026/2/25 18:45:38] 開始: news_nytimes.js
[2026/2/25 18:45:43] 完了: news_nytimes.js (4.57秒)
[2026/2/25 18:45:43]   出力: saved: news_nytimes.csv
[2026/2/25 18:45:43] 5秒待機中...
[2026/2/25 18:45:48] 開始: news_r.js
[2026/2/25 18:45:52] 完了: news_r.js (4.67秒)
[2026/2/25 18:45:52]   出力: saved: news_r.csv
[2026/2/25 18:45:52] 5秒待機中...
[2026/2/25 18:45:57] 開始: news_r_buisiness.js
[2026/2/25 18:46:02] 完了: news_r_buisiness.js (4.37秒)
[2026/2/25 18:46:02]   出力: saved: news_r_buisiness.csv
[2026/2/25 18:46:02] 5秒待機中...
[2026/2/25 18:46:07] 開始: news_r_keizai.js
[2026/2/25 18:46:11] 完了: news_r_keizai.js (4.30秒)
[2026/2/25 18:46:11]   出力: saved: news_r_keizai.csv
[2026/2/25 18:46:11] 5秒待機中...
[2026/2/25 18:46:16] 開始: news_r_markets.js
[2026/2/25 18:46:21] 完了: news_r_markets.js (4.61秒)
[2026/2/25 18:46:21]   出力: saved: news_r_markets.csv
[2026/2/25 18:46:21] 5秒待機中...
[2026/2/25 18:46:26] 開始: news_wsj.js
[2026/2/25 18:47:00] 完了: news_wsj.js (34.02秒)
[2026/2/25 18:47:00]   出力: saved: news_wsj.csv (lines=133)
[2026/2/25 18:47:00] 5秒待機中...
[2026/2/25 18:47:05] 開始: news_y.js
[2026/2/25 18:47:10] 完了: news_y.js (5.34秒)
[2026/2/25 18:47:10]   出力: saved: news_y.csv
[2026/2/25 18:47:10] === すべてのスクリプトの実行を終了しました ===
