[2026/2/25 19:25:07] === 実行プロセス開始 ===
[2026/2/25 19:25:08] 12 個のスクリプトを順番に実行します。
[2026/2/25 19:25:08] 開始: news_2ch.js
[2026/2/25 19:25:16] 完了: news_2ch.js (8.05秒)
[2026/2/25 19:25:16]   出力: saved: news_2ch.csv
[2026/2/25 19:25:16] 5秒待機中...
[2026/2/25 19:25:21] 開始: news_ai.js
[2026/2/25 19:25:25] 完了: news_ai.js (4.81秒)
[2026/2/25 19:25:25]   出力: saved: news_ai.csv
[2026/2/25 19:25:25] 5秒待機中...
[2026/2/25 19:25:30] 開始: news_b.js
[2026/2/25 19:25:35] 完了: news_b.js (4.62秒)
[2026/2/25 19:25:35]   出力: saved: news_b.csv
[2026/2/25 19:25:35] 5秒待機中...
[2026/2/25 19:25:40] 開始: news_bbc.js
[2026/2/25 19:25:44] 完了: news_bbc.js (4.32秒)
[2026/2/25 19:25:44]   出力: saved: news_bbc.csv
[2026/2/25 19:25:44] 5秒待機中...
[2026/2/25 19:25:49] 開始: news_google.js
[2026/2/25 19:25:53] 完了: news_google.js (3.76秒)
[2026/2/25 19:25:53]   出力: saved: news_google.csv
[2026/2/25 19:25:53] 5秒待機中...
[2026/2/25 19:25:58] 開始: news_nytimes.js
[2026/2/25 19:26:03] 完了: news_nytimes.js (5.32秒)
[2026/2/25 19:26:03]   出力: saved: news_nytimes.csv
[2026/2/25 19:26:03] 5秒待機中...
[2026/2/25 19:26:08] 開始: news_r.js
[2026/2/25 19:26:14] 完了: news_r.js (6.00秒)
[2026/2/25 19:26:14]   出力: saved: news_r.csv
[2026/2/25 19:26:14] 5秒待機中...
[2026/2/25 19:26:19] 開始: news_r_buisiness.js
[2026/2/25 19:26:24] 完了: news_r_buisiness.js (4.92秒)
[2026/2/25 19:26:24]   出力: saved: news_r_buisiness.csv
[2026/2/25 19:26:24] 5秒待機中...
[2026/2/25 19:26:29] 開始: news_r_keizai.js
[2026/2/25 19:26:35] 完了: news_r_keizai.js (5.15秒)
[2026/2/25 19:26:35]   出力: saved: news_r_keizai.csv
[2026/2/25 19:26:35] 5秒待機中...
[2026/2/25 19:26:40] 開始: news_r_markets.js
[2026/2/25 19:26:45] 完了: news_r_markets.js (5.08秒)
[2026/2/25 19:26:45]   出力: saved: news_r_markets.csv
[2026/2/25 19:26:45] 5秒待機中...
[2026/2/25 19:26:50] 開始: news_wsj.js
[2026/2/25 19:26:55] 失敗: news_wsj.js (コード:1, 5.08秒)
[2026/2/25 19:26:55]   エラー: ERROR in news_wsj: ページ本文の取得結果が空です
[2026/2/25 19:26:55] 5秒待機中...
[2026/2/25 19:27:00] 開始: news_y.js
[2026/2/25 19:27:05] 完了: news_y.js (5.54秒)
[2026/2/25 19:27:05]   出力: saved: news_y.csv
[2026/2/25 19:27:05] === すべてのスクリプトの実行を終了しました ===
