[2026/2/25 17:02:23] === 実行プロセス開始 ===
[2026/2/25 17:02:24] 12 個のスクリプトを順番に実行します。
[2026/2/25 17:02:24] 開始: news_2ch.js
[2026/2/25 17:02:29] 完了: news_2ch.js (5.54秒)
[2026/2/25 17:02:29]   出力: saved: news_2ch.csv
[2026/2/25 17:02:29] 5秒待機中...
[2026/2/25 17:02:34] 開始: news_ai.js
[2026/2/25 17:02:39] 完了: news_ai.js (5.25秒)
[2026/2/25 17:02:39]   出力: saved: news_ai.csv
[2026/2/25 17:02:39] 5秒待機中...
[2026/2/25 17:02:44] 開始: news_b.js
[2026/2/25 17:02:49] 完了: news_b.js (4.42秒)
[2026/2/25 17:02:49]   出力: saved: news_b.csv
[2026/2/25 17:02:49] 5秒待機中...
[2026/2/25 17:02:54] 開始: news_bbc.js
[2026/2/25 17:02:58] 完了: news_bbc.js (4.19秒)
[2026/2/25 17:02:58]   出力: saved: news_bbc.csv
[2026/2/25 17:02:58] 5秒待機中...
[2026/2/25 17:03:03] 開始: news_google.js
[2026/2/25 17:03:06] 完了: news_google.js (3.16秒)
[2026/2/25 17:03:06]   出力: saved: news_google.csv
[2026/2/25 17:03:06] 5秒待機中...
[2026/2/25 17:03:11] 開始: news_nytimes.js
[2026/2/25 17:03:16] 完了: news_nytimes.js (4.74秒)
[2026/2/25 17:03:16]   出力: saved: news_nytimes.csv
[2026/2/25 17:03:16] 5秒待機中...
[2026/2/25 17:03:21] 開始: news_r.js
[2026/2/25 17:03:25] 完了: news_r.js (4.45秒)
[2026/2/25 17:03:25]   出力: saved: news_r.csv
[2026/2/25 17:03:25] 5秒待機中...
[2026/2/25 17:03:30] 開始: news_r_buisiness.js
[2026/2/25 17:03:35] 完了: news_r_buisiness.js (4.12秒)
[2026/2/25 17:03:35]   出力: saved: news_r_buisiness.csv
[2026/2/25 17:03:35] 5秒待機中...
[2026/2/25 17:03:40] 開始: news_r_keizai.js
[2026/2/25 17:03:44] 完了: news_r_keizai.js (4.16秒)
[2026/2/25 17:03:44]   出力: saved: news_r_keizai.csv
[2026/2/25 17:03:44] 5秒待機中...
[2026/2/25 17:03:49] 開始: news_r_markets.js
[2026/2/25 17:03:53] 完了: news_r_markets.js (4.68秒)
[2026/2/25 17:03:53]   出力: saved: news_r_markets.csv
[2026/2/25 17:03:53] 5秒待機中...
[2026/2/25 17:03:58] 開始: news_wsj.js
[2026/2/25 17:04:03] 失敗: news_wsj.js (コード:1, 4.85秒)
[2026/2/25 17:04:03]   エラー: ERROR in news_wsj: ページ本文の取得結果が空です
[2026/2/25 17:04:03] 5秒待機中...
[2026/2/25 17:04:08] 開始: news_y.js
[2026/2/25 17:04:14] 完了: news_y.js (6.12秒)
[2026/2/25 17:04:14]   出力: saved: news_y.csv
[2026/2/25 17:04:14] === すべてのスクリプトの実行を終了しました ===
