[2026/2/25 6:15:07] === 実行プロセス開始 ===
[2026/2/25 6:15:07] 12 個のスクリプトを順番に実行します。
[2026/2/25 6:15:07] 開始: news_2ch.js
[2026/2/25 6:15:12] 完了: news_2ch.js (5.45秒)
[2026/2/25 6:15:12]   出力: saved: news_2ch.csv
[2026/2/25 6:15:12] 5秒待機中...
[2026/2/25 6:15:17] 開始: news_ai.js
[2026/2/25 6:15:22] 完了: news_ai.js (4.53秒)
[2026/2/25 6:15:22]   出力: saved: news_ai.csv
[2026/2/25 6:15:22] 5秒待機中...
[2026/2/25 6:15:27] 開始: news_b.js
[2026/2/25 6:15:31] 完了: news_b.js (4.43秒)
[2026/2/25 6:15:31]   出力: saved: news_b.csv
[2026/2/25 6:15:31] 5秒待機中...
[2026/2/25 6:15:36] 開始: news_bbc.js
[2026/2/25 6:15:40] 完了: news_bbc.js (3.96秒)
[2026/2/25 6:15:40]   出力: saved: news_bbc.csv
[2026/2/25 6:15:40] 5秒待機中...
[2026/2/25 6:15:45] 開始: news_google.js
[2026/2/25 6:15:48] 完了: news_google.js (3.06秒)
[2026/2/25 6:15:48]   出力: saved: news_google.csv
[2026/2/25 6:15:48] 5秒待機中...
[2026/2/25 6:15:53] 開始: news_nytimes.js
[2026/2/25 6:15:58] 完了: news_nytimes.js (4.85秒)
[2026/2/25 6:15:58]   出力: saved: news_nytimes.csv
[2026/2/25 6:15:58] 5秒待機中...
[2026/2/25 6:16:03] 開始: news_r.js
[2026/2/25 6:16:07] 完了: news_r.js (4.38秒)
[2026/2/25 6:16:07]   出力: saved: news_r.csv
[2026/2/25 6:16:07] 5秒待機中...
[2026/2/25 6:16:12] 開始: news_r_buisiness.js
[2026/2/25 6:16:17] 完了: news_r_buisiness.js (4.24秒)
[2026/2/25 6:16:17]   出力: saved: news_r_buisiness.csv
[2026/2/25 6:16:17] 5秒待機中...
[2026/2/25 6:16:22] 開始: news_r_keizai.js
[2026/2/25 6:16:26] 完了: news_r_keizai.js (4.29秒)
[2026/2/25 6:16:26]   出力: saved: news_r_keizai.csv
[2026/2/25 6:16:26] 5秒待機中...
[2026/2/25 6:16:31] 開始: news_r_markets.js
[2026/2/25 6:16:35] 完了: news_r_markets.js (4.17秒)
[2026/2/25 6:16:35]   出力: saved: news_r_markets.csv
[2026/2/25 6:16:35] 5秒待機中...
[2026/2/25 6:16:40] 開始: news_wsj.js
[2026/2/25 6:16:45] 失敗: news_wsj.js (コード:1, 4.80秒)
[2026/2/25 6:16:45]   エラー: ERROR in news_wsj: ページ本文の取得結果が空です
[2026/2/25 6:16:45] 5秒待機中...
[2026/2/25 6:16:50] 開始: news_y.js
[2026/2/25 6:16:55] 完了: news_y.js (5.20秒)
[2026/2/25 6:16:55]   出力: saved: news_y.csv
[2026/2/25 6:16:55] === すべてのスクリプトの実行を終了しました ===
