[2026/2/25 5:29:20] === 実行プロセス開始 ===
[2026/2/25 5:29:20] 12 個のスクリプトを順番に実行します。
[2026/2/25 5:29:20] 開始: news_2ch.js
[2026/2/25 5:29:27] 完了: news_2ch.js (7.04秒)
[2026/2/25 5:29:27]   出力: saved: news_2ch.csv
[2026/2/25 5:29:27] 5秒待機中...
[2026/2/25 5:29:32] 開始: news_ai.js
[2026/2/25 5:29:37] 完了: news_ai.js (4.65秒)
[2026/2/25 5:29:37]   出力: saved: news_ai.csv
[2026/2/25 5:29:37] 5秒待機中...
[2026/2/25 5:29:42] 開始: news_b.js
[2026/2/25 5:29:46] 完了: news_b.js (4.49秒)
[2026/2/25 5:29:46]   出力: saved: news_b.csv
[2026/2/25 5:29:46] 5秒待機中...
[2026/2/25 5:29:52] 開始: news_bbc.js
[2026/2/25 5:29:56] 完了: news_bbc.js (4.26秒)
[2026/2/25 5:29:56]   出力: saved: news_bbc.csv
[2026/2/25 5:29:56] 5秒待機中...
[2026/2/25 5:30:01] 開始: news_google.js
[2026/2/25 5:30:05] 完了: news_google.js (3.88秒)
[2026/2/25 5:30:05]   出力: saved: news_google.csv
[2026/2/25 5:30:05] 5秒待機中...
[2026/2/25 5:30:10] 開始: news_nytimes.js
[2026/2/25 5:30:15] 完了: news_nytimes.js (5.00秒)
[2026/2/25 5:30:15]   出力: saved: news_nytimes.csv
[2026/2/25 5:30:15] 5秒待機中...
[2026/2/25 5:30:20] 開始: news_r.js
[2026/2/25 5:30:25] 完了: news_r.js (5.03秒)
[2026/2/25 5:30:25]   出力: saved: news_r.csv
[2026/2/25 5:30:25] 5秒待機中...
[2026/2/25 5:30:30] 開始: news_r_buisiness.js
[2026/2/25 5:30:34] 完了: news_r_buisiness.js (4.58秒)
[2026/2/25 5:30:34]   出力: saved: news_r_buisiness.csv
[2026/2/25 5:30:34] 5秒待機中...
[2026/2/25 5:30:39] 開始: news_r_keizai.js
[2026/2/25 5:30:44] 完了: news_r_keizai.js (4.68秒)
[2026/2/25 5:30:44]   出力: saved: news_r_keizai.csv
[2026/2/25 5:30:44] 5秒待機中...
[2026/2/25 5:30:49] 開始: news_r_markets.js
[2026/2/25 5:30:54] 完了: news_r_markets.js (5.22秒)
[2026/2/25 5:30:54]   出力: saved: news_r_markets.csv
[2026/2/25 5:30:54] 5秒待機中...
[2026/2/25 5:30:59] 開始: news_wsj.js
[2026/2/25 5:31:04] 失敗: news_wsj.js (コード:1, 5.17秒)
[2026/2/25 5:31:04]   エラー: ERROR in news_wsj: ページ本文の取得結果が空です
[2026/2/25 5:31:04] 5秒待機中...
[2026/2/25 5:31:09] 開始: news_y.js
[2026/2/25 5:31:15] 完了: news_y.js (5.69秒)
[2026/2/25 5:31:15]   出力: saved: news_y.csv
[2026/2/25 5:31:15] === すべてのスクリプトの実行を終了しました ===
