[2026/2/25 19:10:28] === 実行プロセス開始 ===
[2026/2/25 19:10:28] 12 個のスクリプトを順番に実行します。
[2026/2/25 19:10:28] 開始: news_2ch.js
[2026/2/25 19:10:35] 完了: news_2ch.js (6.54秒)
[2026/2/25 19:10:35]   出力: saved: news_2ch.csv
[2026/2/25 19:10:35] 5秒待機中...
[2026/2/25 19:10:40] 開始: news_ai.js
[2026/2/25 19:10:45] 完了: news_ai.js (5.00秒)
[2026/2/25 19:10:45]   出力: saved: news_ai.csv
[2026/2/25 19:10:45] 5秒待機中...
[2026/2/25 19:10:50] 開始: news_b.js
[2026/2/25 19:10:55] 完了: news_b.js (5.38秒)
[2026/2/25 19:10:55]   出力: saved: news_b.csv
[2026/2/25 19:10:55] 5秒待機中...
[2026/2/25 19:11:00] 開始: news_bbc.js
[2026/2/25 19:11:05] 完了: news_bbc.js (4.23秒)
[2026/2/25 19:11:05]   出力: saved: news_bbc.csv
[2026/2/25 19:11:05] 5秒待機中...
[2026/2/25 19:11:10] 開始: news_google.js
[2026/2/25 19:11:15] 完了: news_google.js (5.08秒)
[2026/2/25 19:11:15]   出力: saved: news_google.csv
[2026/2/25 19:11:15] 5秒待機中...
[2026/2/25 19:11:20] 開始: news_nytimes.js
[2026/2/25 19:11:25] 完了: news_nytimes.js (5.09秒)
[2026/2/25 19:11:25]   出力: saved: news_nytimes.csv
[2026/2/25 19:11:25] 5秒待機中...
[2026/2/25 19:11:30] 開始: news_r.js
[2026/2/25 19:11:34] 完了: news_r.js (4.61秒)
[2026/2/25 19:11:34]   出力: saved: news_r.csv
[2026/2/25 19:11:34] 5秒待機中...
[2026/2/25 19:11:39] 開始: news_r_buisiness.js
[2026/2/25 19:11:44] 完了: news_r_buisiness.js (4.32秒)
[2026/2/25 19:11:44]   出力: saved: news_r_buisiness.csv
[2026/2/25 19:11:44] 5秒待機中...
[2026/2/25 19:11:49] 開始: news_r_keizai.js
[2026/2/25 19:11:53] 完了: news_r_keizai.js (4.32秒)
[2026/2/25 19:11:53]   出力: saved: news_r_keizai.csv
[2026/2/25 19:11:53] 5秒待機中...
[2026/2/25 19:11:58] 開始: news_r_markets.js
[2026/2/25 19:12:03] 完了: news_r_markets.js (4.53秒)
[2026/2/25 19:12:03]   出力: saved: news_r_markets.csv
[2026/2/25 19:12:03] 5秒待機中...
[2026/2/25 19:12:08] 開始: news_wsj.js
[2026/2/25 19:12:13] 失敗: news_wsj.js (コード:1, 5.19秒)
[2026/2/25 19:12:13]   エラー: ERROR in news_wsj: ページ本文の取得結果が空です
[2026/2/25 19:12:13] 5秒待機中...
[2026/2/25 19:12:18] 開始: news_y.js
[2026/2/25 19:12:23] 完了: news_y.js (5.45秒)
[2026/2/25 19:12:23]   出力: saved: news_y.csv
[2026/2/25 19:12:23] === すべてのスクリプトの実行を終了しました ===
