[2026/2/25 4:55:21] === 実行プロセス開始 ===
[2026/2/25 4:55:22] 12 個のスクリプトを順番に実行します。
[2026/2/25 4:55:22] 開始: news_2ch.js
[2026/2/25 4:55:28] 完了: news_2ch.js (6.66秒)
[2026/2/25 4:55:28]   出力: saved: news_2ch.csv
[2026/2/25 4:55:28] 5秒待機中...
[2026/2/25 4:55:33] 開始: news_ai.js
[2026/2/25 4:55:38] 完了: news_ai.js (4.34秒)
[2026/2/25 4:55:38]   出力: saved: news_ai.csv
[2026/2/25 4:55:38] 5秒待機中...
[2026/2/25 4:55:43] 開始: news_b.js
[2026/2/25 4:55:47] 完了: news_b.js (4.40秒)
[2026/2/25 4:55:47]   出力: saved: news_b.csv
[2026/2/25 4:55:47] 5秒待機中...
[2026/2/25 4:55:52] 開始: news_bbc.js
[2026/2/25 4:55:56] 完了: news_bbc.js (4.02秒)
[2026/2/25 4:55:56]   出力: saved: news_bbc.csv
[2026/2/25 4:55:56] 5秒待機中...
[2026/2/25 4:56:01] 開始: news_google.js
[2026/2/25 4:56:04] 完了: news_google.js (3.23秒)
[2026/2/25 4:56:04]   出力: saved: news_google.csv
[2026/2/25 4:56:04] 5秒待機中...
[2026/2/25 4:56:09] 開始: news_nytimes.js
[2026/2/25 4:56:14] 完了: news_nytimes.js (4.68秒)
[2026/2/25 4:56:14]   出力: saved: news_nytimes.csv
[2026/2/25 4:56:14] 5秒待機中...
[2026/2/25 4:56:19] 開始: news_r.js
[2026/2/25 4:56:24] 完了: news_r.js (4.86秒)
[2026/2/25 4:56:24]   出力: saved: news_r.csv
[2026/2/25 4:56:24] 5秒待機中...
[2026/2/25 4:56:29] 開始: news_r_buisiness.js
[2026/2/25 4:56:33] 完了: news_r_buisiness.js (4.57秒)
[2026/2/25 4:56:33]   出力: saved: news_r_buisiness.csv
[2026/2/25 4:56:33] 5秒待機中...
[2026/2/25 4:56:38] 開始: news_r_keizai.js
[2026/2/25 4:56:43] 完了: news_r_keizai.js (4.35秒)
[2026/2/25 4:56:43]   出力: saved: news_r_keizai.csv
[2026/2/25 4:56:43] 5秒待機中...
[2026/2/25 4:56:48] 開始: news_r_markets.js
[2026/2/25 4:56:52] 完了: news_r_markets.js (4.69秒)
[2026/2/25 4:56:52]   出力: saved: news_r_markets.csv
[2026/2/25 4:56:52] 5秒待機中...
[2026/2/25 4:56:57] 開始: news_wsj.js
[2026/2/25 4:57:02] 失敗: news_wsj.js (コード:1, 4.94秒)
[2026/2/25 4:57:02]   エラー: ERROR in news_wsj: ページ本文の取得結果が空です
[2026/2/25 4:57:02] 5秒待機中...
[2026/2/25 4:57:07] 開始: news_y.js
[2026/2/25 4:57:13] 完了: news_y.js (5.87秒)
[2026/2/25 4:57:13]   出力: saved: news_y.csv
[2026/2/25 4:57:13] === すべてのスクリプトの実行を終了しました ===
