[2026/2/25 17:27:33] === 実行プロセス開始 ===
[2026/2/25 17:27:33] 12 個のスクリプトを順番に実行します。
[2026/2/25 17:27:33] 開始: news_2ch.js
[2026/2/25 17:27:43] 完了: news_2ch.js (9.46秒)
[2026/2/25 17:27:43]   出力: saved: news_2ch.csv
[2026/2/25 17:27:43] 5秒待機中...
[2026/2/25 17:27:48] 開始: news_ai.js
[2026/2/25 17:27:52] 完了: news_ai.js (4.60秒)
[2026/2/25 17:27:52]   出力: saved: news_ai.csv
[2026/2/25 17:27:52] 5秒待機中...
[2026/2/25 17:27:57] 開始: news_b.js
[2026/2/25 17:28:02] 完了: news_b.js (4.77秒)
[2026/2/25 17:28:02]   出力: saved: news_b.csv
[2026/2/25 17:28:02] 5秒待機中...
[2026/2/25 17:28:07] 開始: news_bbc.js
[2026/2/25 17:28:11] 完了: news_bbc.js (4.08秒)
[2026/2/25 17:28:11]   出力: saved: news_bbc.csv
[2026/2/25 17:28:11] 5秒待機中...
[2026/2/25 17:28:16] 開始: news_google.js
[2026/2/25 17:28:20] 完了: news_google.js (3.88秒)
[2026/2/25 17:28:20]   出力: saved: news_google.csv
[2026/2/25 17:28:20] 5秒待機中...
[2026/2/25 17:28:25] 開始: news_nytimes.js
[2026/2/25 17:28:30] 完了: news_nytimes.js (4.88秒)
[2026/2/25 17:28:30]   出力: saved: news_nytimes.csv
[2026/2/25 17:28:30] 5秒待機中...
[2026/2/25 17:28:35] 開始: news_r.js
[2026/2/25 17:28:39] 完了: news_r.js (4.32秒)
[2026/2/25 17:28:39]   出力: saved: news_r.csv
[2026/2/25 17:28:39] 5秒待機中...
[2026/2/25 17:28:44] 開始: news_r_buisiness.js
[2026/2/25 17:28:48] 完了: news_r_buisiness.js (4.06秒)
[2026/2/25 17:28:48]   出力: saved: news_r_buisiness.csv
[2026/2/25 17:28:48] 5秒待機中...
[2026/2/25 17:28:53] 開始: news_r_keizai.js
[2026/2/25 17:28:58] 完了: news_r_keizai.js (4.28秒)
[2026/2/25 17:28:58]   出力: saved: news_r_keizai.csv
[2026/2/25 17:28:58] 5秒待機中...
[2026/2/25 17:29:03] 開始: news_r_markets.js
[2026/2/25 17:29:07] 完了: news_r_markets.js (4.33秒)
[2026/2/25 17:29:07]   出力: saved: news_r_markets.csv
[2026/2/25 17:29:07] 5秒待機中...
[2026/2/25 17:29:12] 開始: news_wsj.js
[2026/2/25 17:29:46] 完了: news_wsj.js (33.87秒)
[2026/2/25 17:29:46]   出力: saved: news_wsj.csv (lines=133)
[2026/2/25 17:29:46] 5秒待機中...
[2026/2/25 17:29:51] 開始: news_y.js
[2026/2/25 17:29:56] 完了: news_y.js (5.53秒)
[2026/2/25 17:29:56]   出力: saved: news_y.csv
[2026/2/25 17:29:56] === すべてのスクリプトの実行を終了しました ===
