[2026/2/24 11:47:44] === 実行プロセス開始 ===
[2026/2/24 11:47:44] 12 個のスクリプトを順番に実行します。
[2026/2/24 11:47:44] 開始: news_2ch.js
[2026/2/24 11:47:49] 完了: news_2ch.js (5.77秒)
[2026/2/24 11:47:49]   出力: saved: news_2ch.csv
[2026/2/24 11:47:49] 5秒待機中...
[2026/2/24 11:47:54] 開始: news_ai.js
[2026/2/24 11:47:59] 完了: news_ai.js (4.71秒)
[2026/2/24 11:47:59]   出力: saved: news_ai.csv
[2026/2/24 11:47:59] 5秒待機中...
[2026/2/24 11:48:04] 開始: news_b.js
[2026/2/24 11:48:09] 完了: news_b.js (4.48秒)
[2026/2/24 11:48:09]   出力: saved: news_b.csv
[2026/2/24 11:48:09] 5秒待機中...
[2026/2/24 11:48:14] 開始: news_bbc.js
[2026/2/24 11:48:18] 完了: news_bbc.js (4.30秒)
[2026/2/24 11:48:18]   出力: saved: news_bbc.csv
[2026/2/24 11:48:18] 5秒待機中...
[2026/2/24 11:48:23] 開始: news_google.js
[2026/2/24 11:48:26] 完了: news_google.js (2.88秒)
[2026/2/24 11:48:26]   出力: saved: news_google.csv
[2026/2/24 11:48:26] 5秒待機中...
[2026/2/24 11:48:31] 開始: news_nytimes.js
[2026/2/24 11:48:36] 完了: news_nytimes.js (4.89秒)
[2026/2/24 11:48:36]   出力: saved: news_nytimes.csv
[2026/2/24 11:48:36] 5秒待機中...
[2026/2/24 11:48:41] 開始: news_r.js
[2026/2/24 11:48:46] 完了: news_r.js (5.44秒)
[2026/2/24 11:48:46]   出力: saved: news_r.csv
[2026/2/24 11:48:46] 5秒待機中...
[2026/2/24 11:48:51] 開始: news_r_buisiness.js
[2026/2/24 11:48:56] 完了: news_r_buisiness.js (4.58秒)
[2026/2/24 11:48:56]   出力: saved: news_r_buisiness.csv
[2026/2/24 11:48:56] 5秒待機中...
[2026/2/24 11:49:01] 開始: news_r_keizai.js
[2026/2/24 11:49:06] 完了: news_r_keizai.js (4.79秒)
[2026/2/24 11:49:06]   出力: saved: news_r_keizai.csv
[2026/2/24 11:49:06] 5秒待機中...
[2026/2/24 11:49:11] 開始: news_r_markets.js
[2026/2/24 11:49:16] 完了: news_r_markets.js (5.62秒)
[2026/2/24 11:49:16]   出力: saved: news_r_markets.csv
[2026/2/24 11:49:16] 5秒待機中...
[2026/2/24 11:49:21] 開始: news_wsj.js
[2026/2/24 11:49:26] 失敗: news_wsj.js (コード:1, 5.05秒)
[2026/2/24 11:49:26]   エラー: ERROR in news_wsj: ページ本文の取得結果が空です
[2026/2/24 11:49:26] 5秒待機中...
[2026/2/24 11:49:31] 開始: news_y.js
[2026/2/24 11:49:37] 完了: news_y.js (5.33秒)
[2026/2/24 11:49:37]   出力: saved: news_y.csv
[2026/2/24 11:49:37] === すべてのスクリプトの実行を終了しました ===
