[2026/2/24 5:37:48] === 実行プロセス開始 ===
[2026/2/24 5:37:49] 12 個のスクリプトを順番に実行します。
[2026/2/24 5:37:49] 開始: news_2ch.js
[2026/2/24 5:37:55] 完了: news_2ch.js (6.38秒)
[2026/2/24 5:37:55]   出力: saved: news_2ch.csv
[2026/2/24 5:37:55] 5秒待機中...
[2026/2/24 5:38:00] 開始: news_ai.js
[2026/2/24 5:38:04] 完了: news_ai.js (4.32秒)
[2026/2/24 5:38:04]   出力: saved: news_ai.csv
[2026/2/24 5:38:04] 5秒待機中...
[2026/2/24 5:38:09] 開始: news_b.js
[2026/2/24 5:38:14] 完了: news_b.js (4.47秒)
[2026/2/24 5:38:14]   出力: saved: news_b.csv
[2026/2/24 5:38:14] 5秒待機中...
[2026/2/24 5:38:19] 開始: news_bbc.js
[2026/2/24 5:38:23] 完了: news_bbc.js (4.16秒)
[2026/2/24 5:38:23]   出力: saved: news_bbc.csv
[2026/2/24 5:38:23] 5秒待機中...
[2026/2/24 5:38:28] 開始: news_google.js
[2026/2/24 5:38:31] 完了: news_google.js (3.25秒)
[2026/2/24 5:38:31]   出力: saved: news_google.csv
[2026/2/24 5:38:31] 5秒待機中...
[2026/2/24 5:38:36] 開始: news_nytimes.js
[2026/2/24 5:38:41] 完了: news_nytimes.js (5.15秒)
[2026/2/24 5:38:41]   出力: saved: news_nytimes.csv
[2026/2/24 5:38:41] 5秒待機中...
[2026/2/24 5:38:46] 開始: news_r.js
[2026/2/24 5:38:52] 完了: news_r.js (5.35秒)
[2026/2/24 5:38:52]   出力: saved: news_r.csv
[2026/2/24 5:38:52] 5秒待機中...
[2026/2/24 5:38:57] 開始: news_r_buisiness.js
[2026/2/24 5:39:01] 完了: news_r_buisiness.js (4.42秒)
[2026/2/24 5:39:01]   出力: saved: news_r_buisiness.csv
[2026/2/24 5:39:01] 5秒待機中...
[2026/2/24 5:39:06] 開始: news_r_keizai.js
[2026/2/24 5:39:11] 完了: news_r_keizai.js (4.66秒)
[2026/2/24 5:39:11]   出力: saved: news_r_keizai.csv
[2026/2/24 5:39:11] 5秒待機中...
[2026/2/24 5:39:16] 開始: news_r_markets.js
[2026/2/24 5:39:21] 完了: news_r_markets.js (5.01秒)
[2026/2/24 5:39:21]   出力: saved: news_r_markets.csv
[2026/2/24 5:39:21] 5秒待機中...
[2026/2/24 5:39:26] 開始: news_wsj.js
[2026/2/24 5:39:31] 失敗: news_wsj.js (コード:1, 5.09秒)
[2026/2/24 5:39:31]   エラー: ERROR in news_wsj: ページ本文の取得結果が空です
[2026/2/24 5:39:31] 5秒待機中...
[2026/2/24 5:39:36] 開始: news_y.js
[2026/2/24 5:39:42] 完了: news_y.js (6.06秒)
[2026/2/24 5:39:42]   出力: saved: news_y.csv
[2026/2/24 5:39:42] === すべてのスクリプトの実行を終了しました ===
