[2026/2/25 20:03:58] === 実行プロセス開始 ===
[2026/2/25 20:03:59] 12 個のスクリプトを順番に実行します。
[2026/2/25 20:03:59] 開始: news_2ch.js
[2026/2/25 20:04:05] 完了: news_2ch.js (6.62秒)
[2026/2/25 20:04:05]   出力: saved: news_2ch.csv
[2026/2/25 20:04:05] 5秒待機中...
[2026/2/25 20:04:10] 開始: news_ai.js
[2026/2/25 20:04:15] 完了: news_ai.js (4.83秒)
[2026/2/25 20:04:15]   出力: saved: news_ai.csv
[2026/2/25 20:04:15] 5秒待機中...
[2026/2/25 20:04:20] 開始: news_b.js
[2026/2/25 20:04:25] 完了: news_b.js (4.56秒)
[2026/2/25 20:04:25]   出力: saved: news_b.csv
[2026/2/25 20:04:25] 5秒待機中...
[2026/2/25 20:04:30] 開始: news_bbc.js
[2026/2/25 20:04:34] 完了: news_bbc.js (4.22秒)
[2026/2/25 20:04:34]   出力: saved: news_bbc.csv
[2026/2/25 20:04:34] 5秒待機中...
[2026/2/25 20:04:39] 開始: news_google.js
[2026/2/25 20:04:44] 完了: news_google.js (4.89秒)
[2026/2/25 20:04:44]   出力: saved: news_google.csv
[2026/2/25 20:04:44] 5秒待機中...
[2026/2/25 20:04:49] 開始: news_nytimes.js
[2026/2/25 20:04:54] 完了: news_nytimes.js (4.99秒)
[2026/2/25 20:04:54]   出力: saved: news_nytimes.csv
[2026/2/25 20:04:54] 5秒待機中...
[2026/2/25 20:04:59] 開始: news_r.js
[2026/2/25 20:05:04] 完了: news_r.js (5.14秒)
[2026/2/25 20:05:04]   出力: saved: news_r.csv
[2026/2/25 20:05:04] 5秒待機中...
[2026/2/25 20:05:09] 開始: news_r_buisiness.js
[2026/2/25 20:05:14] 完了: news_r_buisiness.js (4.93秒)
[2026/2/25 20:05:14]   出力: saved: news_r_buisiness.csv
[2026/2/25 20:05:14] 5秒待機中...
[2026/2/25 20:05:19] 開始: news_r_keizai.js
[2026/2/25 20:05:24] 完了: news_r_keizai.js (4.69秒)
[2026/2/25 20:05:24]   出力: saved: news_r_keizai.csv
[2026/2/25 20:05:24] 5秒待機中...
[2026/2/25 20:05:29] 開始: news_r_markets.js
[2026/2/25 20:05:33] 完了: news_r_markets.js (4.69秒)
[2026/2/25 20:05:33]   出力: saved: news_r_markets.csv
[2026/2/25 20:05:33] 5秒待機中...
[2026/2/25 20:05:38] 開始: news_wsj.js
[2026/2/25 20:05:44] 失敗: news_wsj.js (コード:1, 5.11秒)
[2026/2/25 20:05:44]   エラー: ERROR in news_wsj: ページ本文の取得結果が空です
[2026/2/25 20:05:44] 5秒待機中...
[2026/2/25 20:05:49] 開始: news_y.js
[2026/2/25 20:05:54] 完了: news_y.js (5.68秒)
[2026/2/25 20:05:54]   出力: saved: news_y.csv
[2026/2/25 20:05:54] === すべてのスクリプトの実行を終了しました ===
