[2026/2/25 6:04:07] === 実行プロセス開始 ===
[2026/2/25 6:04:07] 12 個のスクリプトを順番に実行します。
[2026/2/25 6:04:07] 開始: news_2ch.js
[2026/2/25 6:04:14] 完了: news_2ch.js (7.00秒)
[2026/2/25 6:04:14]   出力: saved: news_2ch.csv
[2026/2/25 6:04:14] 5秒待機中...
[2026/2/25 6:04:19] 開始: news_ai.js
[2026/2/25 6:04:24] 完了: news_ai.js (4.80秒)
[2026/2/25 6:04:24]   出力: saved: news_ai.csv
[2026/2/25 6:04:24] 5秒待機中...
[2026/2/25 6:04:29] 開始: news_b.js
[2026/2/25 6:04:34] 完了: news_b.js (4.59秒)
[2026/2/25 6:04:34]   出力: saved: news_b.csv
[2026/2/25 6:04:34] 5秒待機中...
[2026/2/25 6:04:39] 開始: news_bbc.js
[2026/2/25 6:04:43] 完了: news_bbc.js (4.21秒)
[2026/2/25 6:04:43]   出力: saved: news_bbc.csv
[2026/2/25 6:04:43] 5秒待機中...
[2026/2/25 6:04:48] 開始: news_google.js
[2026/2/25 6:04:50] 完了: news_google.js (2.18秒)
[2026/2/25 6:04:50]   出力: saved: news_google.csv
[2026/2/25 6:04:50] 5秒待機中...
[2026/2/25 6:04:55] 開始: news_nytimes.js
[2026/2/25 6:05:01] 完了: news_nytimes.js (5.58秒)
[2026/2/25 6:05:01]   出力: saved: news_nytimes.csv
[2026/2/25 6:05:01] 5秒待機中...
[2026/2/25 6:05:06] 開始: news_r.js
[2026/2/25 6:05:11] 完了: news_r.js (5.40秒)
[2026/2/25 6:05:11]   出力: saved: news_r.csv
[2026/2/25 6:05:11] 5秒待機中...
[2026/2/25 6:05:16] 開始: news_r_buisiness.js
[2026/2/25 6:05:21] 完了: news_r_buisiness.js (4.72秒)
[2026/2/25 6:05:21]   出力: saved: news_r_buisiness.csv
[2026/2/25 6:05:21] 5秒待機中...
[2026/2/25 6:05:26] 開始: news_r_keizai.js
[2026/2/25 6:05:31] 完了: news_r_keizai.js (4.95秒)
[2026/2/25 6:05:31]   出力: saved: news_r_keizai.csv
[2026/2/25 6:05:31] 5秒待機中...
[2026/2/25 6:05:36] 開始: news_r_markets.js
[2026/2/25 6:05:41] 完了: news_r_markets.js (4.97秒)
[2026/2/25 6:05:41]   出力: saved: news_r_markets.csv
[2026/2/25 6:05:41] 5秒待機中...
[2026/2/25 6:05:46] 開始: news_wsj.js
[2026/2/25 6:05:51] 失敗: news_wsj.js (コード:1, 5.17秒)
[2026/2/25 6:05:51]   エラー: ERROR in news_wsj: ページ本文の取得結果が空です
[2026/2/25 6:05:51] 5秒待機中...
[2026/2/25 6:05:56] 開始: news_y.js
[2026/2/25 6:06:01] 完了: news_y.js (5.00秒)
[2026/2/25 6:06:01]   出力: saved: news_y.csv
[2026/2/25 6:06:01] === すべてのスクリプトの実行を終了しました ===
