[2026/2/26 23:00:56] === 実行プロセス開始 ===
[2026/2/26 23:00:56] 12 個のスクリプトを順番に実行します。
[2026/2/26 23:00:56] 開始: news_2ch.js
[2026/2/26 23:01:03] 完了: news_2ch.js (7.28秒)
[2026/2/26 23:01:03]   出力: saved: news_2ch.csv
[2026/2/26 23:01:03] 5秒待機中...
[2026/2/26 23:01:08] 開始: news_ai.js
[2026/2/26 23:01:13] 完了: news_ai.js (4.81秒)
[2026/2/26 23:01:13]   出力: saved: news_ai.csv
[2026/2/26 23:01:13] 5秒待機中...
[2026/2/26 23:01:18] 開始: news_b.js
[2026/2/26 23:01:23] 完了: news_b.js (4.50秒)
[2026/2/26 23:01:23]   出力: saved: news_b.csv
[2026/2/26 23:01:23] 5秒待機中...
[2026/2/26 23:01:28] 開始: news_bbc.js
[2026/2/26 23:01:32] 完了: news_bbc.js (4.18秒)
[2026/2/26 23:01:32]   出力: saved: news_bbc.csv
[2026/2/26 23:01:32] 5秒待機中...
[2026/2/26 23:01:37] 開始: news_google.js
[2026/2/26 23:01:39] 完了: news_google.js (1.84秒)
[2026/2/26 23:01:39]   出力: saved: news_google.csv
[2026/2/26 23:01:39] 5秒待機中...
[2026/2/26 23:01:44] 開始: news_nytimes.js
[2026/2/26 23:01:49] 完了: news_nytimes.js (5.00秒)
[2026/2/26 23:01:49]   出力: saved: news_nytimes.csv
[2026/2/26 23:01:49] 5秒待機中...
[2026/2/26 23:01:54] 開始: news_r.js
[2026/2/26 23:01:59] 完了: news_r.js (5.42秒)
[2026/2/26 23:01:59]   出力: saved: news_r.csv
[2026/2/26 23:01:59] 5秒待機中...
[2026/2/26 23:02:04] 開始: news_r_buisiness.js
[2026/2/26 23:02:09] 完了: news_r_buisiness.js (5.03秒)
[2026/2/26 23:02:09]   出力: saved: news_r_buisiness.csv
[2026/2/26 23:02:09] 5秒待機中...
[2026/2/26 23:02:14] 開始: news_r_keizai.js
[2026/2/26 23:02:19] 完了: news_r_keizai.js (4.95秒)
[2026/2/26 23:02:19]   出力: saved: news_r_keizai.csv
[2026/2/26 23:02:19] 5秒待機中...
[2026/2/26 23:02:24] 開始: news_r_markets.js
[2026/2/26 23:02:29] 完了: news_r_markets.js (5.20秒)
[2026/2/26 23:02:29]   出力: saved: news_r_markets.csv
[2026/2/26 23:02:29] 5秒待機中...
[2026/2/26 23:02:34] 開始: news_wsj.js
[2026/2/26 23:02:39] 失敗: news_wsj.js (コード:1, 5.00秒)
[2026/2/26 23:02:39]   エラー: ERROR in news_wsj: ページ本文の取得結果が空です
[2026/2/26 23:02:39] 5秒待機中...
[2026/2/26 23:02:44] 開始: news_y.js
[2026/2/26 23:02:49] 完了: news_y.js (4.97秒)
[2026/2/26 23:02:49]   出力: saved: news_y.csv
[2026/2/26 23:02:49] === すべてのスクリプトの実行を終了しました ===
