[2026/2/24 10:44:23] === 実行プロセス開始 ===
[2026/2/24 10:44:23] 12 個のスクリプトを順番に実行します。
[2026/2/24 10:44:23] 開始: news_2ch.js
[2026/2/24 10:44:29] 完了: news_2ch.js (5.82秒)
[2026/2/24 10:44:29]   出力: saved: news_2ch.csv
[2026/2/24 10:44:29] 5秒待機中...
[2026/2/24 10:44:34] 開始: news_ai.js
[2026/2/24 10:44:39] 完了: news_ai.js (4.61秒)
[2026/2/24 10:44:39]   出力: saved: news_ai.csv
[2026/2/24 10:44:39] 5秒待機中...
[2026/2/24 10:44:44] 開始: news_b.js
[2026/2/24 10:44:48] 完了: news_b.js (4.43秒)
[2026/2/24 10:44:48]   出力: saved: news_b.csv
[2026/2/24 10:44:48] 5秒待機中...
[2026/2/24 10:44:53] 開始: news_bbc.js
[2026/2/24 10:44:58] 完了: news_bbc.js (4.33秒)
[2026/2/24 10:44:58]   出力: saved: news_bbc.csv
[2026/2/24 10:44:58] 5秒待機中...
[2026/2/24 10:45:03] 開始: news_google.js
[2026/2/24 10:45:06] 完了: news_google.js (3.51秒)
[2026/2/24 10:45:06]   出力: saved: news_google.csv
[2026/2/24 10:45:06] 5秒待機中...
[2026/2/24 10:45:11] 開始: news_nytimes.js
[2026/2/24 10:45:17] 完了: news_nytimes.js (5.36秒)
[2026/2/24 10:45:17]   出力: saved: news_nytimes.csv
[2026/2/24 10:45:17] 5秒待機中...
[2026/2/24 10:45:22] 開始: news_r.js
[2026/2/24 10:45:27] 完了: news_r.js (5.05秒)
[2026/2/24 10:45:27]   出力: saved: news_r.csv
[2026/2/24 10:45:27] 5秒待機中...
[2026/2/24 10:45:32] 開始: news_r_buisiness.js
[2026/2/24 10:45:36] 完了: news_r_buisiness.js (4.42秒)
[2026/2/24 10:45:36]   出力: saved: news_r_buisiness.csv
[2026/2/24 10:45:36] 5秒待機中...
[2026/2/24 10:45:41] 開始: news_r_keizai.js
[2026/2/24 10:45:45] 完了: news_r_keizai.js (4.34秒)
[2026/2/24 10:45:45]   出力: saved: news_r_keizai.csv
[2026/2/24 10:45:45] 5秒待機中...
[2026/2/24 10:45:50] 開始: news_r_markets.js
[2026/2/24 10:45:55] 完了: news_r_markets.js (4.65秒)
[2026/2/24 10:45:55]   出力: saved: news_r_markets.csv
[2026/2/24 10:45:55] 5秒待機中...
[2026/2/24 10:46:00] 開始: news_wsj.js
[2026/2/24 10:46:05] 失敗: news_wsj.js (コード:1, 5.14秒)
[2026/2/24 10:46:05]   エラー: ERROR in news_wsj: ページ本文の取得結果が空です
[2026/2/24 10:46:05] 5秒待機中...
[2026/2/24 10:46:10] 開始: news_y.js
[2026/2/24 10:46:16] 完了: news_y.js (5.62秒)
[2026/2/24 10:46:16]   出力: saved: news_y.csv
[2026/2/24 10:46:16] === すべてのスクリプトの実行を終了しました ===
