[2026/2/24 10:21:50] === 実行プロセス開始 ===
[2026/2/24 10:21:50] 12 個のスクリプトを順番に実行します。
[2026/2/24 10:21:50] 開始: news_2ch.js
[2026/2/24 10:21:56] 完了: news_2ch.js (6.37秒)
[2026/2/24 10:21:56]   出力: saved: news_2ch.csv
[2026/2/24 10:21:56] 5秒待機中...
[2026/2/24 10:22:01] 開始: news_ai.js
[2026/2/24 10:22:06] 完了: news_ai.js (4.56秒)
[2026/2/24 10:22:06]   出力: saved: news_ai.csv
[2026/2/24 10:22:06] 5秒待機中...
[2026/2/24 10:22:11] 開始: news_b.js
[2026/2/24 10:22:15] 完了: news_b.js (4.42秒)
[2026/2/24 10:22:15]   出力: saved: news_b.csv
[2026/2/24 10:22:15] 5秒待機中...
[2026/2/24 10:22:20] 開始: news_bbc.js
[2026/2/24 10:22:25] 完了: news_bbc.js (4.38秒)
[2026/2/24 10:22:25]   出力: saved: news_bbc.csv
[2026/2/24 10:22:25] 5秒待機中...
[2026/2/24 10:22:30] 開始: news_google.js
[2026/2/24 10:22:32] 完了: news_google.js (2.21秒)
[2026/2/24 10:22:32]   出力: saved: news_google.csv
[2026/2/24 10:22:32] 5秒待機中...
[2026/2/24 10:22:37] 開始: news_nytimes.js
[2026/2/24 10:22:42] 完了: news_nytimes.js (4.90秒)
[2026/2/24 10:22:42]   出力: saved: news_nytimes.csv
[2026/2/24 10:22:42] 5秒待機中...
[2026/2/24 10:22:47] 開始: news_r.js
[2026/2/24 10:22:52] 完了: news_r.js (4.89秒)
[2026/2/24 10:22:52]   出力: saved: news_r.csv
[2026/2/24 10:22:52] 5秒待機中...
[2026/2/24 10:22:57] 開始: news_r_buisiness.js
[2026/2/24 10:23:01] 完了: news_r_buisiness.js (4.51秒)
[2026/2/24 10:23:01]   出力: saved: news_r_buisiness.csv
[2026/2/24 10:23:01] 5秒待機中...
[2026/2/24 10:23:06] 開始: news_r_keizai.js
[2026/2/24 10:23:11] 完了: news_r_keizai.js (4.54秒)
[2026/2/24 10:23:11]   出力: saved: news_r_keizai.csv
[2026/2/24 10:23:11] 5秒待機中...
[2026/2/24 10:23:16] 開始: news_r_markets.js
[2026/2/24 10:23:21] 完了: news_r_markets.js (4.94秒)
[2026/2/24 10:23:21]   出力: saved: news_r_markets.csv
[2026/2/24 10:23:21] 5秒待機中...
[2026/2/24 10:23:26] 開始: news_wsj.js
[2026/2/24 10:23:31] 失敗: news_wsj.js (コード:1, 5.03秒)
[2026/2/24 10:23:31]   エラー: ERROR in news_wsj: ページ本文の取得結果が空です
[2026/2/24 10:23:31] 5秒待機中...
[2026/2/24 10:23:36] 開始: news_y.js
[2026/2/24 10:23:42] 完了: news_y.js (6.07秒)
[2026/2/24 10:23:42]   出力: saved: news_y.csv
[2026/2/24 10:23:42] === すべてのスクリプトの実行を終了しました ===
