[2026/2/25 18:32:58] === 実行プロセス開始 ===
[2026/2/25 18:32:58] 12 個のスクリプトを順番に実行します。
[2026/2/25 18:32:58] 開始: news_2ch.js
[2026/2/25 18:33:06] 完了: news_2ch.js (7.48秒)
[2026/2/25 18:33:06]   出力: saved: news_2ch.csv
[2026/2/25 18:33:06] 5秒待機中...
[2026/2/25 18:33:11] 開始: news_ai.js
[2026/2/25 18:33:16] 完了: news_ai.js (4.65秒)
[2026/2/25 18:33:16]   出力: saved: news_ai.csv
[2026/2/25 18:33:16] 5秒待機中...
[2026/2/25 18:33:21] 開始: news_b.js
[2026/2/25 18:33:25] 完了: news_b.js (4.51秒)
[2026/2/25 18:33:25]   出力: saved: news_b.csv
[2026/2/25 18:33:25] 5秒待機中...
[2026/2/25 18:33:30] 開始: news_bbc.js
[2026/2/25 18:33:34] 完了: news_bbc.js (4.37秒)
[2026/2/25 18:33:34]   出力: saved: news_bbc.csv
[2026/2/25 18:33:34] 5秒待機中...
[2026/2/25 18:33:39] 開始: news_google.js
[2026/2/25 18:33:42] 完了: news_google.js (2.87秒)
[2026/2/25 18:33:42]   出力: saved: news_google.csv
[2026/2/25 18:33:42] 5秒待機中...
[2026/2/25 18:33:47] 開始: news_nytimes.js
[2026/2/25 18:33:52] 完了: news_nytimes.js (5.04秒)
[2026/2/25 18:33:52]   出力: saved: news_nytimes.csv
[2026/2/25 18:33:52] 5秒待機中...
[2026/2/25 18:33:57] 開始: news_r.js
[2026/2/25 18:34:02] 完了: news_r.js (4.92秒)
[2026/2/25 18:34:02]   出力: saved: news_r.csv
[2026/2/25 18:34:02] 5秒待機中...
[2026/2/25 18:34:07] 開始: news_r_buisiness.js
[2026/2/25 18:34:12] 完了: news_r_buisiness.js (4.33秒)
[2026/2/25 18:34:12]   出力: saved: news_r_buisiness.csv
[2026/2/25 18:34:12] 5秒待機中...
[2026/2/25 18:34:17] 開始: news_r_keizai.js
[2026/2/25 18:34:21] 完了: news_r_keizai.js (4.61秒)
[2026/2/25 18:34:21]   出力: saved: news_r_keizai.csv
[2026/2/25 18:34:21] 5秒待機中...
[2026/2/25 18:34:26] 開始: news_r_markets.js
[2026/2/25 18:34:31] 完了: news_r_markets.js (4.96秒)
[2026/2/25 18:34:31]   出力: saved: news_r_markets.csv
[2026/2/25 18:34:31] 5秒待機中...
[2026/2/25 18:34:36] 開始: news_wsj.js
[2026/2/25 18:34:41] 失敗: news_wsj.js (コード:1, 4.94秒)
[2026/2/25 18:34:41]   エラー: ERROR in news_wsj: ページ本文の取得結果が空です
[2026/2/25 18:34:41] 5秒待機中...
[2026/2/25 18:34:46] 開始: news_y.js
[2026/2/25 18:34:52] 完了: news_y.js (5.96秒)
[2026/2/25 18:34:52]   出力: saved: news_y.csv
[2026/2/25 18:34:52] === すべてのスクリプトの実行を終了しました ===
