[2026/2/25 16:50:35] === 実行プロセス開始 ===
[2026/2/25 16:50:35] 12 個のスクリプトを順番に実行します。
[2026/2/25 16:50:35] 開始: news_2ch.js
[2026/2/25 16:50:41] 完了: news_2ch.js (6.54秒)
[2026/2/25 16:50:41]   出力: saved: news_2ch.csv
[2026/2/25 16:50:41] 5秒待機中...
[2026/2/25 16:50:46] 開始: news_ai.js
[2026/2/25 16:50:51] 完了: news_ai.js (4.71秒)
[2026/2/25 16:50:51]   出力: saved: news_ai.csv
[2026/2/25 16:50:51] 5秒待機中...
[2026/2/25 16:50:56] 開始: news_b.js
[2026/2/25 16:51:00] 完了: news_b.js (4.62秒)
[2026/2/25 16:51:00]   出力: saved: news_b.csv
[2026/2/25 16:51:00] 5秒待機中...
[2026/2/25 16:51:05] 開始: news_bbc.js
[2026/2/25 16:51:10] 完了: news_bbc.js (4.12秒)
[2026/2/25 16:51:10]   出力: saved: news_bbc.csv
[2026/2/25 16:51:10] 5秒待機中...
[2026/2/25 16:51:15] 開始: news_google.js
[2026/2/25 16:51:17] 完了: news_google.js (2.54秒)
[2026/2/25 16:51:17]   出力: saved: news_google.csv
[2026/2/25 16:51:17] 5秒待機中...
[2026/2/25 16:51:22] 開始: news_nytimes.js
[2026/2/25 16:51:28] 完了: news_nytimes.js (5.47秒)
[2026/2/25 16:51:28]   出力: saved: news_nytimes.csv
[2026/2/25 16:51:28] 5秒待機中...
[2026/2/25 16:51:33] 開始: news_r.js
[2026/2/25 16:51:38] 完了: news_r.js (5.27秒)
[2026/2/25 16:51:38]   出力: saved: news_r.csv
[2026/2/25 16:51:38] 5秒待機中...
[2026/2/25 16:51:43] 開始: news_r_buisiness.js
[2026/2/25 16:51:48] 完了: news_r_buisiness.js (4.66秒)
[2026/2/25 16:51:48]   出力: saved: news_r_buisiness.csv
[2026/2/25 16:51:48] 5秒待機中...
[2026/2/25 16:51:53] 開始: news_r_keizai.js
[2026/2/25 16:51:57] 完了: news_r_keizai.js (4.91秒)
[2026/2/25 16:51:57]   出力: saved: news_r_keizai.csv
[2026/2/25 16:51:57] 5秒待機中...
[2026/2/25 16:52:02] 開始: news_r_markets.js
[2026/2/25 16:52:07] 完了: news_r_markets.js (5.04秒)
[2026/2/25 16:52:07]   出力: saved: news_r_markets.csv
[2026/2/25 16:52:07] 5秒待機中...
[2026/2/25 16:52:12] 開始: news_wsj.js
[2026/2/25 16:52:17] 失敗: news_wsj.js (コード:1, 4.95秒)
[2026/2/25 16:52:17]   エラー: ERROR in news_wsj: ページ本文の取得結果が空です
[2026/2/25 16:52:17] 5秒待機中...
[2026/2/25 16:52:22] 開始: news_y.js
[2026/2/25 16:52:28] 完了: news_y.js (5.61秒)
[2026/2/25 16:52:28]   出力: saved: news_y.csv
[2026/2/25 16:52:28] === すべてのスクリプトの実行を終了しました ===
