[2026/2/25 19:41:52] === 実行プロセス開始 ===
[2026/2/25 19:41:53] 12 個のスクリプトを順番に実行します。
[2026/2/25 19:41:53] 開始: news_2ch.js
[2026/2/25 19:42:00] 完了: news_2ch.js (6.88秒)
[2026/2/25 19:42:00]   出力: saved: news_2ch.csv
[2026/2/25 19:42:00] 5秒待機中...
[2026/2/25 19:42:05] 開始: news_ai.js
[2026/2/25 19:42:09] 完了: news_ai.js (4.59秒)
[2026/2/25 19:42:09]   出力: saved: news_ai.csv
[2026/2/25 19:42:09] 5秒待機中...
[2026/2/25 19:42:14] 開始: news_b.js
[2026/2/25 19:42:19] 完了: news_b.js (4.51秒)
[2026/2/25 19:42:19]   出力: saved: news_b.csv
[2026/2/25 19:42:19] 5秒待機中...
[2026/2/25 19:42:24] 開始: news_bbc.js
[2026/2/25 19:42:28] 完了: news_bbc.js (4.32秒)
[2026/2/25 19:42:28]   出力: saved: news_bbc.csv
[2026/2/25 19:42:28] 5秒待機中...
[2026/2/25 19:42:33] 開始: news_google.js
[2026/2/25 19:42:37] 完了: news_google.js (4.35秒)
[2026/2/25 19:42:37]   出力: saved: news_google.csv
[2026/2/25 19:42:37] 5秒待機中...
[2026/2/25 19:42:42] 開始: news_nytimes.js
[2026/2/25 19:42:47] 完了: news_nytimes.js (4.81秒)
[2026/2/25 19:42:47]   出力: saved: news_nytimes.csv
[2026/2/25 19:42:47] 5秒待機中...
[2026/2/25 19:42:52] 開始: news_r.js
[2026/2/25 19:42:57] 完了: news_r.js (5.19秒)
[2026/2/25 19:42:57]   出力: saved: news_r.csv
[2026/2/25 19:42:57] 5秒待機中...
[2026/2/25 19:43:02] 開始: news_r_buisiness.js
[2026/2/25 19:43:07] 完了: news_r_buisiness.js (4.59秒)
[2026/2/25 19:43:07]   出力: saved: news_r_buisiness.csv
[2026/2/25 19:43:07] 5秒待機中...
[2026/2/25 19:43:12] 開始: news_r_keizai.js
[2026/2/25 19:43:17] 完了: news_r_keizai.js (4.73秒)
[2026/2/25 19:43:17]   出力: saved: news_r_keizai.csv
[2026/2/25 19:43:17] 5秒待機中...
[2026/2/25 19:43:22] 開始: news_r_markets.js
[2026/2/25 19:43:27] 完了: news_r_markets.js (5.01秒)
[2026/2/25 19:43:27]   出力: saved: news_r_markets.csv
[2026/2/25 19:43:27] 5秒待機中...
[2026/2/25 19:43:32] 開始: news_wsj.js
[2026/2/25 19:43:37] 失敗: news_wsj.js (コード:1, 5.08秒)
[2026/2/25 19:43:37]   エラー: ERROR in news_wsj: ページ本文の取得結果が空です
[2026/2/25 19:43:37] 5秒待機中...
[2026/2/25 19:43:42] 開始: news_y.js
[2026/2/25 19:43:48] 完了: news_y.js (6.00秒)
[2026/2/25 19:43:48]   出力: saved: news_y.csv
[2026/2/25 19:43:48] === すべてのスクリプトの実行を終了しました ===
