[2026/2/25 15:53:36] === 実行プロセス開始 ===
[2026/2/25 15:53:36] 12 個のスクリプトを順番に実行します。
[2026/2/25 15:53:36] 開始: news_2ch.js
[2026/2/25 15:53:42] 完了: news_2ch.js (6.15秒)
[2026/2/25 15:53:42]   出力: saved: news_2ch.csv
[2026/2/25 15:53:42] 5秒待機中...
[2026/2/25 15:53:47] 開始: news_ai.js
[2026/2/25 15:53:52] 完了: news_ai.js (4.66秒)
[2026/2/25 15:53:52]   出力: saved: news_ai.csv
[2026/2/25 15:53:52] 5秒待機中...
[2026/2/25 15:53:57] 開始: news_b.js
[2026/2/25 15:54:01] 完了: news_b.js (4.45秒)
[2026/2/25 15:54:01]   出力: saved: news_b.csv
[2026/2/25 15:54:01] 5秒待機中...
[2026/2/25 15:54:06] 開始: news_bbc.js
[2026/2/25 15:54:10] 完了: news_bbc.js (4.12秒)
[2026/2/25 15:54:10]   出力: saved: news_bbc.csv
[2026/2/25 15:54:10] 5秒待機中...
[2026/2/25 15:54:15] 開始: news_google.js
[2026/2/25 15:54:17] 完了: news_google.js (2.03秒)
[2026/2/25 15:54:17]   出力: saved: news_google.csv
[2026/2/25 15:54:17] 5秒待機中...
[2026/2/25 15:54:22] 開始: news_nytimes.js
[2026/2/25 15:54:27] 完了: news_nytimes.js (4.97秒)
[2026/2/25 15:54:27]   出力: saved: news_nytimes.csv
[2026/2/25 15:54:27] 5秒待機中...
[2026/2/25 15:54:32] 開始: news_r.js
[2026/2/25 15:54:37] 完了: news_r.js (4.50秒)
[2026/2/25 15:54:37]   出力: saved: news_r.csv
[2026/2/25 15:54:37] 5秒待機中...
[2026/2/25 15:54:42] 開始: news_r_buisiness.js
[2026/2/25 15:54:46] 完了: news_r_buisiness.js (4.05秒)
[2026/2/25 15:54:46]   出力: saved: news_r_buisiness.csv
[2026/2/25 15:54:46] 5秒待機中...
[2026/2/25 15:54:51] 開始: news_r_keizai.js
[2026/2/25 15:54:55] 完了: news_r_keizai.js (4.26秒)
[2026/2/25 15:54:55]   出力: saved: news_r_keizai.csv
[2026/2/25 15:54:55] 5秒待機中...
[2026/2/25 15:55:00] 開始: news_r_markets.js
[2026/2/25 15:55:04] 完了: news_r_markets.js (4.10秒)
[2026/2/25 15:55:04]   出力: saved: news_r_markets.csv
[2026/2/25 15:55:04] 5秒待機中...
[2026/2/25 15:55:09] 開始: news_wsj.js
[2026/2/25 15:55:14] 失敗: news_wsj.js (コード:1, 4.73秒)
[2026/2/25 15:55:14]   エラー: ERROR in news_wsj: ページ本文の取得結果が空です
[2026/2/25 15:55:14] 5秒待機中...
[2026/2/25 15:55:19] 開始: news_y.js
[2026/2/25 15:55:24] 完了: news_y.js (5.13秒)
[2026/2/25 15:55:24]   出力: saved: news_y.csv
[2026/2/25 15:55:24] === すべてのスクリプトの実行を終了しました ===
