[2026/2/24 23:00:39] === 実行プロセス開始 ===
[2026/2/24 23:00:39] 12 個のスクリプトを順番に実行します。
[2026/2/24 23:00:39] 開始: news_2ch.js
[2026/2/24 23:00:46] 完了: news_2ch.js (7.25秒)
[2026/2/24 23:00:46]   出力: saved: news_2ch.csv
[2026/2/24 23:00:46] 5秒待機中...
[2026/2/24 23:00:51] 開始: news_ai.js
[2026/2/24 23:00:56] 完了: news_ai.js (4.54秒)
[2026/2/24 23:00:56]   出力: saved: news_ai.csv
[2026/2/24 23:00:56] 5秒待機中...
[2026/2/24 23:01:01] 開始: news_b.js
[2026/2/24 23:01:05] 完了: news_b.js (4.42秒)
[2026/2/24 23:01:05]   出力: saved: news_b.csv
[2026/2/24 23:01:05] 5秒待機中...
[2026/2/24 23:01:10] 開始: news_bbc.js
[2026/2/24 23:01:15] 完了: news_bbc.js (4.25秒)
[2026/2/24 23:01:15]   出力: saved: news_bbc.csv
[2026/2/24 23:01:15] 5秒待機中...
[2026/2/24 23:01:20] 開始: news_google.js
[2026/2/24 23:01:22] 完了: news_google.js (2.11秒)
[2026/2/24 23:01:22]   出力: saved: news_google.csv
[2026/2/24 23:01:22] 5秒待機中...
[2026/2/24 23:01:27] 開始: news_nytimes.js
[2026/2/24 23:01:32] 完了: news_nytimes.js (5.13秒)
[2026/2/24 23:01:32]   出力: saved: news_nytimes.csv
[2026/2/24 23:01:32] 5秒待機中...
[2026/2/24 23:01:37] 開始: news_r.js
[2026/2/24 23:01:42] 完了: news_r.js (4.94秒)
[2026/2/24 23:01:42]   出力: saved: news_r.csv
[2026/2/24 23:01:42] 5秒待機中...
[2026/2/24 23:01:47] 開始: news_r_buisiness.js
[2026/2/24 23:01:51] 完了: news_r_buisiness.js (4.41秒)
[2026/2/24 23:01:51]   出力: saved: news_r_buisiness.csv
[2026/2/24 23:01:51] 5秒待機中...
[2026/2/24 23:01:56] 開始: news_r_keizai.js
[2026/2/24 23:02:01] 完了: news_r_keizai.js (4.50秒)
[2026/2/24 23:02:01]   出力: saved: news_r_keizai.csv
[2026/2/24 23:02:01] 5秒待機中...
[2026/2/24 23:02:06] 開始: news_r_markets.js
[2026/2/24 23:02:11] 完了: news_r_markets.js (4.97秒)
[2026/2/24 23:02:11]   出力: saved: news_r_markets.csv
[2026/2/24 23:02:11] 5秒待機中...
[2026/2/24 23:02:16] 開始: news_wsj.js
[2026/2/24 23:02:21] 失敗: news_wsj.js (コード:1, 4.86秒)
[2026/2/24 23:02:21]   エラー: ERROR in news_wsj: ページ本文の取得結果が空です
[2026/2/24 23:02:21] 5秒待機中...
[2026/2/24 23:02:26] 開始: news_y.js
[2026/2/24 23:02:32] 完了: news_y.js (6.03秒)
[2026/2/24 23:02:32]   出力: saved: news_y.csv
[2026/2/24 23:02:32] === すべてのスクリプトの実行を終了しました ===
