[2026/2/25 23:00:58] === 実行プロセス開始 ===
[2026/2/25 23:00:58] 12 個のスクリプトを順番に実行します。
[2026/2/25 23:00:58] 開始: news_2ch.js
[2026/2/25 23:01:05] 完了: news_2ch.js (6.81秒)
[2026/2/25 23:01:05]   出力: saved: news_2ch.csv
[2026/2/25 23:01:05] 5秒待機中...
[2026/2/25 23:01:10] 開始: news_ai.js
[2026/2/25 23:01:14] 完了: news_ai.js (4.50秒)
[2026/2/25 23:01:14]   出力: saved: news_ai.csv
[2026/2/25 23:01:14] 5秒待機中...
[2026/2/25 23:01:19] 開始: news_b.js
[2026/2/25 23:01:24] 完了: news_b.js (4.88秒)
[2026/2/25 23:01:24]   出力: saved: news_b.csv
[2026/2/25 23:01:24] 5秒待機中...
[2026/2/25 23:01:29] 開始: news_bbc.js
[2026/2/25 23:01:34] 完了: news_bbc.js (4.66秒)
[2026/2/25 23:01:34]   出力: saved: news_bbc.csv
[2026/2/25 23:01:34] 5秒待機中...
[2026/2/25 23:01:39] 開始: news_google.js
[2026/2/25 23:01:42] 完了: news_google.js (2.99秒)
[2026/2/25 23:01:42]   出力: saved: news_google.csv
[2026/2/25 23:01:42] 5秒待機中...
[2026/2/25 23:01:47] 開始: news_nytimes.js
[2026/2/25 23:01:52] 完了: news_nytimes.js (5.14秒)
[2026/2/25 23:01:52]   出力: saved: news_nytimes.csv
[2026/2/25 23:01:52] 5秒待機中...
[2026/2/25 23:01:57] 開始: news_r.js
[2026/2/25 23:02:02] 完了: news_r.js (4.81秒)
[2026/2/25 23:02:02]   出力: saved: news_r.csv
[2026/2/25 23:02:02] 5秒待機中...
[2026/2/25 23:02:07] 開始: news_r_buisiness.js
[2026/2/25 23:02:12] 完了: news_r_buisiness.js (4.75秒)
[2026/2/25 23:02:12]   出力: saved: news_r_buisiness.csv
[2026/2/25 23:02:12] 5秒待機中...
[2026/2/25 23:02:17] 開始: news_r_keizai.js
[2026/2/25 23:02:21] 完了: news_r_keizai.js (4.46秒)
[2026/2/25 23:02:21]   出力: saved: news_r_keizai.csv
[2026/2/25 23:02:21] 5秒待機中...
[2026/2/25 23:02:26] 開始: news_r_markets.js
[2026/2/25 23:02:31] 完了: news_r_markets.js (4.81秒)
[2026/2/25 23:02:31]   出力: saved: news_r_markets.csv
[2026/2/25 23:02:31] 5秒待機中...
[2026/2/25 23:02:36] 開始: news_wsj.js
[2026/2/25 23:02:41] 失敗: news_wsj.js (コード:1, 4.85秒)
[2026/2/25 23:02:41]   エラー: ERROR in news_wsj: ページ本文の取得結果が空です
[2026/2/25 23:02:41] 5秒待機中...
[2026/2/25 23:02:46] 開始: news_y.js
[2026/2/25 23:02:52] 完了: news_y.js (6.39秒)
[2026/2/25 23:02:52]   出力: saved: news_y.csv
[2026/2/25 23:02:52] === すべてのスクリプトの実行を終了しました ===
