[2026/2/25 22:00:38] === 実行プロセス開始 ===
[2026/2/25 22:00:38] 12 個のスクリプトを順番に実行します。
[2026/2/25 22:00:38] 開始: news_2ch.js
[2026/2/25 22:00:45] 完了: news_2ch.js (6.66秒)
[2026/2/25 22:00:45]   出力: saved: news_2ch.csv
[2026/2/25 22:00:45] 5秒待機中...
[2026/2/25 22:00:50] 開始: news_ai.js
[2026/2/25 22:00:55] 完了: news_ai.js (4.65秒)
[2026/2/25 22:00:55]   出力: saved: news_ai.csv
[2026/2/25 22:00:55] 5秒待機中...
[2026/2/25 22:01:00] 開始: news_b.js
[2026/2/25 22:01:04] 完了: news_b.js (4.90秒)
[2026/2/25 22:01:04]   出力: saved: news_b.csv
[2026/2/25 22:01:04] 5秒待機中...
[2026/2/25 22:01:09] 開始: news_bbc.js
[2026/2/25 22:01:14] 完了: news_bbc.js (4.36秒)
[2026/2/25 22:01:14]   出力: saved: news_bbc.csv
[2026/2/25 22:01:14] 5秒待機中...
[2026/2/25 22:01:19] 開始: news_google.js
[2026/2/25 22:01:22] 完了: news_google.js (2.80秒)
[2026/2/25 22:01:22]   出力: saved: news_google.csv
[2026/2/25 22:01:22] 5秒待機中...
[2026/2/25 22:01:27] 開始: news_nytimes.js
[2026/2/25 22:01:32] 完了: news_nytimes.js (5.25秒)
[2026/2/25 22:01:32]   出力: saved: news_nytimes.csv
[2026/2/25 22:01:32] 5秒待機中...
[2026/2/25 22:01:37] 開始: news_r.js
[2026/2/25 22:01:42] 完了: news_r.js (5.03秒)
[2026/2/25 22:01:42]   出力: saved: news_r.csv
[2026/2/25 22:01:42] 5秒待機中...
[2026/2/25 22:01:47] 開始: news_r_buisiness.js
[2026/2/25 22:01:52] 完了: news_r_buisiness.js (4.60秒)
[2026/2/25 22:01:52]   出力: saved: news_r_buisiness.csv
[2026/2/25 22:01:52] 5秒待機中...
[2026/2/25 22:01:57] 開始: news_r_keizai.js
[2026/2/25 22:02:01] 完了: news_r_keizai.js (4.68秒)
[2026/2/25 22:02:01]   出力: saved: news_r_keizai.csv
[2026/2/25 22:02:01] 5秒待機中...
[2026/2/25 22:02:06] 開始: news_r_markets.js
[2026/2/25 22:02:11] 完了: news_r_markets.js (4.93秒)
[2026/2/25 22:02:11]   出力: saved: news_r_markets.csv
[2026/2/25 22:02:11] 5秒待機中...
[2026/2/25 22:02:16] 開始: news_wsj.js
[2026/2/25 22:02:21] 失敗: news_wsj.js (コード:1, 5.01秒)
[2026/2/25 22:02:21]   エラー: ERROR in news_wsj: ページ本文の取得結果が空です
[2026/2/25 22:02:21] 5秒待機中...
[2026/2/25 22:02:26] 開始: news_y.js
[2026/2/25 22:02:32] 完了: news_y.js (6.33秒)
[2026/2/25 22:02:32]   出力: saved: news_y.csv
[2026/2/25 22:02:32] === すべてのスクリプトの実行を終了しました ===
