[2026/2/25 6:26:38] === 実行プロセス開始 ===
[2026/2/25 6:26:38] 12 個のスクリプトを順番に実行します。
[2026/2/25 6:26:38] 開始: news_2ch.js
[2026/2/25 6:26:44] 完了: news_2ch.js (6.47秒)
[2026/2/25 6:26:44]   出力: saved: news_2ch.csv
[2026/2/25 6:26:44] 5秒待機中...
[2026/2/25 6:26:49] 開始: news_ai.js
[2026/2/25 6:26:54] 完了: news_ai.js (4.54秒)
[2026/2/25 6:26:54]   出力: saved: news_ai.csv
[2026/2/25 6:26:54] 5秒待機中...
[2026/2/25 6:26:59] 開始: news_b.js
[2026/2/25 6:27:03] 完了: news_b.js (4.41秒)
[2026/2/25 6:27:03]   出力: saved: news_b.csv
[2026/2/25 6:27:03] 5秒待機中...
[2026/2/25 6:27:08] 開始: news_bbc.js
[2026/2/25 6:27:12] 完了: news_bbc.js (4.45秒)
[2026/2/25 6:27:12]   出力: saved: news_bbc.csv
[2026/2/25 6:27:12] 5秒待機中...
[2026/2/25 6:27:17] 開始: news_google.js
[2026/2/25 6:27:20] 完了: news_google.js (2.46秒)
[2026/2/25 6:27:20]   出力: saved: news_google.csv
[2026/2/25 6:27:20] 5秒待機中...
[2026/2/25 6:27:25] 開始: news_nytimes.js
[2026/2/25 6:27:30] 完了: news_nytimes.js (5.08秒)
[2026/2/25 6:27:30]   出力: saved: news_nytimes.csv
[2026/2/25 6:27:30] 5秒待機中...
[2026/2/25 6:27:35] 開始: news_r.js
[2026/2/25 6:27:40] 完了: news_r.js (4.89秒)
[2026/2/25 6:27:40]   出力: saved: news_r.csv
[2026/2/25 6:27:40] 5秒待機中...
[2026/2/25 6:27:45] 開始: news_r_buisiness.js
[2026/2/25 6:27:50] 完了: news_r_buisiness.js (4.68秒)
[2026/2/25 6:27:50]   出力: saved: news_r_buisiness.csv
[2026/2/25 6:27:50] 5秒待機中...
[2026/2/25 6:27:55] 開始: news_r_keizai.js
[2026/2/25 6:27:59] 完了: news_r_keizai.js (4.58秒)
[2026/2/25 6:27:59]   出力: saved: news_r_keizai.csv
[2026/2/25 6:27:59] 5秒待機中...
[2026/2/25 6:28:04] 開始: news_r_markets.js
[2026/2/25 6:28:10] 完了: news_r_markets.js (5.42秒)
[2026/2/25 6:28:10]   出力: saved: news_r_markets.csv
[2026/2/25 6:28:10] 5秒待機中...
[2026/2/25 6:28:15] 開始: news_wsj.js
[2026/2/25 6:28:20] 失敗: news_wsj.js (コード:1, 4.89秒)
[2026/2/25 6:28:20]   エラー: ERROR in news_wsj: ページ本文の取得結果が空です
[2026/2/25 6:28:20] 5秒待機中...
[2026/2/25 6:28:25] 開始: news_y.js
[2026/2/25 6:28:30] 完了: news_y.js (5.23秒)
[2026/2/25 6:28:30]   出力: saved: news_y.csv
[2026/2/25 6:28:30] === すべてのスクリプトの実行を終了しました ===
