[2026/2/25 5:46:51] === 実行プロセス開始 ===
[2026/2/25 5:46:51] 12 個のスクリプトを順番に実行します。
[2026/2/25 5:46:51] 開始: news_2ch.js
[2026/2/25 5:46:56] 完了: news_2ch.js (5.71秒)
[2026/2/25 5:46:56]   出力: saved: news_2ch.csv
[2026/2/25 5:46:56] 5秒待機中...
[2026/2/25 5:47:01] 開始: news_ai.js
[2026/2/25 5:47:06] 完了: news_ai.js (4.62秒)
[2026/2/25 5:47:06]   出力: saved: news_ai.csv
[2026/2/25 5:47:06] 5秒待機中...
[2026/2/25 5:47:11] 開始: news_b.js
[2026/2/25 5:47:15] 完了: news_b.js (4.35秒)
[2026/2/25 5:47:15]   出力: saved: news_b.csv
[2026/2/25 5:47:15] 5秒待機中...
[2026/2/25 5:47:20] 開始: news_bbc.js
[2026/2/25 5:47:24] 完了: news_bbc.js (4.01秒)
[2026/2/25 5:47:24]   出力: saved: news_bbc.csv
[2026/2/25 5:47:24] 5秒待機中...
[2026/2/25 5:47:29] 開始: news_google.js
[2026/2/25 5:47:31] 完了: news_google.js (1.72秒)
[2026/2/25 5:47:31]   出力: saved: news_google.csv
[2026/2/25 5:47:31] 5秒待機中...
[2026/2/25 5:47:36] 開始: news_nytimes.js
[2026/2/25 5:47:41] 完了: news_nytimes.js (5.00秒)
[2026/2/25 5:47:41]   出力: saved: news_nytimes.csv
[2026/2/25 5:47:41] 5秒待機中...
[2026/2/25 5:47:46] 開始: news_r.js
[2026/2/25 5:47:51] 完了: news_r.js (4.76秒)
[2026/2/25 5:47:51]   出力: saved: news_r.csv
[2026/2/25 5:47:51] 5秒待機中...
[2026/2/25 5:47:56] 開始: news_r_buisiness.js
[2026/2/25 5:48:00] 完了: news_r_buisiness.js (4.38秒)
[2026/2/25 5:48:00]   出力: saved: news_r_buisiness.csv
[2026/2/25 5:48:00] 5秒待機中...
[2026/2/25 5:48:05] 開始: news_r_keizai.js
[2026/2/25 5:48:10] 完了: news_r_keizai.js (4.44秒)
[2026/2/25 5:48:10]   出力: saved: news_r_keizai.csv
[2026/2/25 5:48:10] 5秒待機中...
[2026/2/25 5:48:15] 開始: news_r_markets.js
[2026/2/25 5:48:19] 完了: news_r_markets.js (4.68秒)
[2026/2/25 5:48:19]   出力: saved: news_r_markets.csv
[2026/2/25 5:48:19] 5秒待機中...
[2026/2/25 5:48:24] 開始: news_wsj.js
[2026/2/25 5:48:29] 失敗: news_wsj.js (コード:1, 4.98秒)
[2026/2/25 5:48:29]   エラー: ERROR in news_wsj: ページ本文の取得結果が空です
[2026/2/25 5:48:29] 5秒待機中...
[2026/2/25 5:48:34] 開始: news_y.js
[2026/2/25 5:48:40] 完了: news_y.js (5.30秒)
[2026/2/25 5:48:40]   出力: saved: news_y.csv
[2026/2/25 5:48:40] === すべてのスクリプトの実行を終了しました ===
