[2026/2/25 6:36:41] === 実行プロセス開始 ===
[2026/2/25 6:36:41] 12 個のスクリプトを順番に実行します。
[2026/2/25 6:36:41] 開始: news_2ch.js
[2026/2/25 6:36:47] 完了: news_2ch.js (5.76秒)
[2026/2/25 6:36:47]   出力: saved: news_2ch.csv
[2026/2/25 6:36:47] 5秒待機中...
[2026/2/25 6:36:52] 開始: news_ai.js
[2026/2/25 6:36:57] 完了: news_ai.js (4.56秒)
[2026/2/25 6:36:57]   出力: saved: news_ai.csv
[2026/2/25 6:36:57] 5秒待機中...
[2026/2/25 6:37:02] 開始: news_b.js
[2026/2/25 6:37:06] 完了: news_b.js (4.51秒)
[2026/2/25 6:37:06]   出力: saved: news_b.csv
[2026/2/25 6:37:06] 5秒待機中...
[2026/2/25 6:37:11] 開始: news_bbc.js
[2026/2/25 6:37:15] 完了: news_bbc.js (3.97秒)
[2026/2/25 6:37:15]   出力: saved: news_bbc.csv
[2026/2/25 6:37:15] 5秒待機中...
[2026/2/25 6:37:20] 開始: news_google.js
[2026/2/25 6:37:23] 完了: news_google.js (2.83秒)
[2026/2/25 6:37:23]   出力: saved: news_google.csv
[2026/2/25 6:37:23] 5秒待機中...
[2026/2/25 6:37:28] 開始: news_nytimes.js
[2026/2/25 6:37:34] 完了: news_nytimes.js (5.45秒)
[2026/2/25 6:37:34]   出力: saved: news_nytimes.csv
[2026/2/25 6:37:34] 5秒待機中...
[2026/2/25 6:37:39] 開始: news_r.js
[2026/2/25 6:37:44] 完了: news_r.js (5.23秒)
[2026/2/25 6:37:44]   出力: saved: news_r.csv
[2026/2/25 6:37:44] 5秒待機中...
[2026/2/25 6:37:49] 開始: news_r_buisiness.js
[2026/2/25 6:37:53] 完了: news_r_buisiness.js (4.71秒)
[2026/2/25 6:37:53]   出力: saved: news_r_buisiness.csv
[2026/2/25 6:37:53] 5秒待機中...
[2026/2/25 6:37:58] 開始: news_r_keizai.js
[2026/2/25 6:38:03] 完了: news_r_keizai.js (4.54秒)
[2026/2/25 6:38:03]   出力: saved: news_r_keizai.csv
[2026/2/25 6:38:03] 5秒待機中...
[2026/2/25 6:38:08] 開始: news_r_markets.js
[2026/2/25 6:38:13] 完了: news_r_markets.js (5.26秒)
[2026/2/25 6:38:13]   出力: saved: news_r_markets.csv
[2026/2/25 6:38:13] 5秒待機中...
[2026/2/25 6:38:18] 開始: news_wsj.js
[2026/2/25 6:38:24] 失敗: news_wsj.js (コード:1, 5.35秒)
[2026/2/25 6:38:24]   エラー: ERROR in news_wsj: ページ本文の取得結果が空です
[2026/2/25 6:38:24] 5秒待機中...
[2026/2/25 6:38:29] 開始: news_y.js
[2026/2/25 6:38:34] 完了: news_y.js (5.77秒)
[2026/2/25 6:38:34]   出力: saved: news_y.csv
[2026/2/25 6:38:34] === すべてのスクリプトの実行を終了しました ===
