[2026/2/24 5:03:35] === 実行プロセス開始 ===
[2026/2/24 5:03:35] 12 個のスクリプトを順番に実行します。
[2026/2/24 5:03:35] 開始: news_2ch.js
[2026/2/24 5:03:42] 完了: news_2ch.js (6.90秒)
[2026/2/24 5:03:42]   出力: saved: news_2ch.csv
[2026/2/24 5:03:42] 5秒待機中...
[2026/2/24 5:03:47] 開始: news_ai.js
[2026/2/24 5:03:51] 完了: news_ai.js (4.59秒)
[2026/2/24 5:03:51]   出力: saved: news_ai.csv
[2026/2/24 5:03:51] 5秒待機中...
[2026/2/24 5:03:56] 開始: news_b.js
[2026/2/24 5:04:01] 完了: news_b.js (4.47秒)
[2026/2/24 5:04:01]   出力: saved: news_b.csv
[2026/2/24 5:04:01] 5秒待機中...
[2026/2/24 5:04:06] 開始: news_bbc.js
[2026/2/24 5:04:10] 完了: news_bbc.js (4.35秒)
[2026/2/24 5:04:10]   出力: saved: news_bbc.csv
[2026/2/24 5:04:10] 5秒待機中...
[2026/2/24 5:04:15] 開始: news_google.js
[2026/2/24 5:04:18] 完了: news_google.js (3.13秒)
[2026/2/24 5:04:18]   出力: saved: news_google.csv
[2026/2/24 5:04:18] 5秒待機中...
[2026/2/24 5:04:23] 開始: news_nytimes.js
[2026/2/24 5:04:28] 完了: news_nytimes.js (5.03秒)
[2026/2/24 5:04:28]   出力: saved: news_nytimes.csv
[2026/2/24 5:04:28] 5秒待機中...
[2026/2/24 5:04:33] 開始: news_r.js
[2026/2/24 5:04:38] 完了: news_r.js (5.20秒)
[2026/2/24 5:04:38]   出力: saved: news_r.csv
[2026/2/24 5:04:38] 5秒待機中...
[2026/2/24 5:04:43] 開始: news_r_buisiness.js
[2026/2/24 5:04:48] 完了: news_r_buisiness.js (4.31秒)
[2026/2/24 5:04:48]   出力: saved: news_r_buisiness.csv
[2026/2/24 5:04:48] 5秒待機中...
[2026/2/24 5:04:53] 開始: news_r_keizai.js
[2026/2/24 5:04:58] 完了: news_r_keizai.js (4.83秒)
[2026/2/24 5:04:58]   出力: saved: news_r_keizai.csv
[2026/2/24 5:04:58] 5秒待機中...
[2026/2/24 5:05:03] 開始: news_r_markets.js
[2026/2/24 5:05:08] 完了: news_r_markets.js (4.97秒)
[2026/2/24 5:05:08]   出力: saved: news_r_markets.csv
[2026/2/24 5:05:08] 5秒待機中...
[2026/2/24 5:05:13] 開始: news_wsj.js
[2026/2/24 5:05:18] 失敗: news_wsj.js (コード:1, 5.09秒)
[2026/2/24 5:05:18]   エラー: ERROR in news_wsj: ページ本文の取得結果が空です
[2026/2/24 5:05:18] 5秒待機中...
[2026/2/24 5:05:23] 開始: news_y.js
[2026/2/24 5:05:29] 完了: news_y.js (5.87秒)
[2026/2/24 5:05:29]   出力: saved: news_y.csv
[2026/2/24 5:05:29] === すべてのスクリプトの実行を終了しました ===
